APPLICATION	CarMaker 13.0.1 - Car_Generic #5 (win64-13.0.1)
COMPILED	jetbrains@6be5821ad487 2024-01-30 13:19:45
 
		I/O Configuration: default
SIM_START	day7_final	2024-03-31 14:59:11
TIME	0.001
		Current random seed value = 1711864751
TIME	0.000
SIMULATE	day7_final

SIM_END		day7_final	0s	0m
APPLICATION	CarMaker 13.0.1 - Car_Generic #5 (win64-13.0.1)
COMPILED	jetbrains@6be5821ad487 2024-01-30 13:19:45
 
		I/O Configuration: default
SIM_START	day7_final	2024-03-31 15:00:01
TIME	0.001
		Current random seed value = 1711864801
TIME	0.000
SIMULATE	day7_final

SIM_END		day7_final	0s	0m
APPLICATION	CarMaker 13.0.1 - Car_Generic #5 (win64-13.0.1)
COMPILED	jetbrains@6be5821ad487 2024-01-30 13:19:45
 
		I/O Configuration: default
SIM_START	day7_final	2024-03-31 15:00:37
TIME	0.001
		Current random seed value = 1711864837
TIME	0.000
SIMULATE	day7_final

SIM_END		day7_final	0s	0m
APPLICATION	CarMaker 13.0.1 - Car_Generic #5 (win64-13.0.1)
COMPILED	jetbrains@6be5821ad487 2024-01-30 13:19:45
 
		I/O Configuration: default
SIM_START	day7_final	2024-03-31 15:01:26
TIME	0.001
		Current random seed value = 1711864886
TIME	0.000
SIMULATE	day7_final

SIM_END		day7_final	0s	0m
APPLICATION	CarMaker 13.0.1 - Car_Generic #5 (win64-13.0.1)
COMPILED	jetbrains@6be5821ad487 2024-01-30 13:19:45
 
		I/O Configuration: default
SIM_START	day7_final	2024-03-31 15:02:02
TIME	0.001
		Current random seed value = 1711864922
TIME	0.000
SIMULATE	day7_final

SIM_END		day7_final	0s	0m
APPLICATION	CarMaker 13.0.1 - Car_Generic #5 (win64-13.0.1)
COMPILED	jetbrains@6be5821ad487 2024-01-30 13:19:45
 
		I/O Configuration: default
SIM_START	day7_final	2024-03-31 15:02:33
TIME	0.001
		Current random seed value = 1711864953
TIME	0.000
SIMULATE	day7_final

SIM_END		day7_final	0s	0m
APPLICATION	CarMaker 13.0.1 - Car_Generic #5 (win64-13.0.1)
COMPILED	jetbrains@6be5821ad487 2024-01-30 13:19:45
 
		I/O Configuration: default
SIM_START	day7_final	2024-03-31 15:03:18
TIME	0.001
		Current random seed value = 1711864998
TIME	0.000
SIMULATE	day7_final

SIM_END		day7_final	0s	0m
APPLICATION	CarMaker 13.0.1 - Car_Generic #5 (win64-13.0.1)
COMPILED	jetbrains@6be5821ad487 2024-01-30 13:19:45
 
		I/O Configuration: default
SIM_START	day7_final	2024-03-31 15:04:47
TIME	0.001
		Current random seed value = 1711865087
TIME	0.000
SIMULATE	day7_final

SIM_END		day7_final	0s	0m
APPLICATION	CarMaker 13.0.1 - Car_Generic #5 (win64-13.0.1)
COMPILED	jetbrains@6be5821ad487 2024-01-30 13:19:45
 
		I/O Configuration: default
SIM_START	day7_final	2024-03-31 15:07:02
TIME	0.001
		Current random seed value = 1711865222
TIME	0.000
SIMULATE	day7_final

SIM_END		day7_final	0s	0m
APPLICATION	CarMaker 13.0.1 - Car_Generic #5 (win64-13.0.1)
COMPILED	jetbrains@6be5821ad487 2024-01-30 13:19:45
 
		I/O Configuration: default
SIM_START	day7_final	2024-03-31 15:07:52
TIME	0.001
		Current random seed value = 1711865272
TIME	0.000
SIMULATE	day7_final

SIM_END		day7_final	0s	0m
APPLICATION	CarMaker 13.0.1 - Car_Generic #5 (win64-13.0.1)
COMPILED	jetbrains@6be5821ad487 2024-01-30 13:19:45
 
		I/O Configuration: default
SIM_START	day7_final	2024-03-31 15:09:04
TIME	0.001
		Current random seed value = 1711865344
TIME	0.000
SIMULATE	day7_final

SIM_END		day7_final	0s	0m
APPLICATION	CarMaker 13.0.1 - Car_Generic #5 (win64-13.0.1)
COMPILED	jetbrains@6be5821ad487 2024-01-30 13:19:45
 
		I/O Configuration: default
SIM_START	day7_final	2024-03-31 15:10:59
TIME	0.001
		Current random seed value = 1711865459
TIME	0.000
SIMULATE	day7_final

SIM_END		day7_final	0s	0m
APPLICATION	CarMaker 13.0.1 - Car_Generic #5 (win64-13.0.1)
COMPILED	jetbrains@6be5821ad487 2024-01-30 13:19:45
 
		I/O Configuration: default
SIM_START	day7_final	2024-03-31 15:11:32
TIME	0.001
		Current random seed value = 1711865492
TIME	0.000
SIMULATE	day7_final

SIM_END		day7_final	0s	0m
APPLICATION	CarMaker 13.0.1 - Car_Generic #5 (win64-13.0.1)
COMPILED	jetbrains@6be5821ad487 2024-01-30 13:19:45
 
		I/O Configuration: default
SIM_START	day7_final	2024-03-31 15:12:18
TIME	0.001
		Current random seed value = 1711865538
TIME	0.000
SIMULATE	day7_final

SIM_END		day7_final	0s	0m
APPLICATION	CarMaker 13.0.1 - Car_Generic #5 (win64-13.0.1)
COMPILED	jetbrains@6be5821ad487 2024-01-30 13:19:45
 
		I/O Configuration: default
SIM_START	day7_final	2024-03-31 15:13:39
TIME	0.001
		Current random seed value = 1711865619
TIME	0.000
SIMULATE	day7_final

TIME	19.903
SIM_END		day7_final	19.9s	229.921m
APPLICATION	CarMaker 13.0.1 - Car_Generic #5 (win64-13.0.1)
COMPILED	jetbrains@6be5821ad487 2024-01-30 13:19:45
 
		I/O Configuration: default
SIM_START	day7_final	2024-03-31 15:21:22
TIME	0.001
		Current random seed value = 1711866082
TIME	0.000
SIMULATE	day7_final

TIME	20.703
SIM_END		day7_final	20.7s	242.63m
APPLICATION	CarMaker 13.0.1 - Car_Generic #5 (win64-13.0.1)
COMPILED	jetbrains@6be5821ad487 2024-01-30 13:19:45
 
		I/O Configuration: default
SIM_START	day7_final	2024-03-31 15:24:11
TIME	0.001
		Current random seed value = 1711866251
TIME	0.000
SIMULATE	day7_final

TIME	21.453
SIM_END		day7_final	21.45s	254.518m
APPLICATION	CarMaker 13.0.1 - Car_Generic #5 (win64-13.0.1)
COMPILED	jetbrains@6be5821ad487 2024-01-30 13:19:45
 
		I/O Configuration: default
SIM_START	day7_final	2024-03-31 15:26:24
TIME	0.001
		Current random seed value = 1711866384
TIME	0.000
SIMULATE	day7_final

TIME	22.453
SIM_END		day7_final	22.45s	270.243m
APPLICATION	CarMaker 13.0.1 - Car_Generic #5 (win64-13.0.1)
COMPILED	jetbrains@6be5821ad487 2024-01-30 13:19:45
 
		I/O Configuration: default
SIM_START	day7_final	2024-03-31 15:29:11
TIME	0.001
		Current random seed value = 1711866551
TIME	0.000
SIMULATE	day7_final

TIME	4.311
ERROR		Vehicle leaves road at about x=-55.282, y=12.3824 TireNo=0
SIM_ABORT	day7_final	4.314s	8.49817m
APPLICATION	CarMaker 13.0.1 - Car_Generic #5 (win64-13.0.1)
COMPILED	jetbrains@6be5821ad487 2024-01-30 13:19:45
 
		I/O Configuration: default
SIM_START	day7_final	2024-03-31 15:30:05
TIME	0.001
		Current random seed value = 1711866605
TIME	0.000
SIMULATE	day7_final

TIME	4.311
ERROR		Vehicle leaves road at about x=-55.282, y=12.3824 TireNo=0
SIM_ABORT	day7_final	4.314s	8.49817m
APPLICATION	CarMaker 13.0.1 - Car_Generic #5 (win64-13.0.1)
COMPILED	jetbrains@6be5821ad487 2024-01-30 13:19:45
 
		I/O Configuration: default
SIM_START	day7_final	2024-03-31 15:32:49
TIME	0.001
		Current random seed value = 1711866769
TIME	0.000
SIMULATE	day7_final

TIME	3.303
SIM_END		day7_final	3.3s	5.39971m
APPLICATION	CarMaker 13.0.1 - Car_Generic #5 (win64-13.0.1)
COMPILED	jetbrains@6be5821ad487 2024-01-30 13:19:45
 
		I/O Configuration: default
SIM_START	day7_final	2024-03-31 15:34:50
TIME	0.001
		Current random seed value = 1711866890
TIME	0.000
SIMULATE	day7_final

TIME	15.353
SIM_END		day7_final	15.35s	160.053m
APPLICATION	CarMaker 13.0.1 - Car_Generic #5 (win64-13.0.1)
COMPILED	jetbrains@6be5821ad487 2024-01-30 13:19:45
 
		I/O Configuration: default
SIM_START	day7_final	2024-03-31 15:42:08
TIME	0.001
		Current random seed value = 1711867328
TIME	0.000
SIMULATE	day7_final

TIME	32.902
SIM_END		day7_final	32.899s	126.627m
APPLICATION	CarMaker 13.0.1 - Car_Generic #5 (win64-13.0.1)
COMPILED	jetbrains@6be5821ad487 2024-01-30 13:19:45
 
		I/O Configuration: default
SIM_START	day7_final	2024-03-31 15:43:17
TIME	0.001
		Current random seed value = 1711867397
TIME	0.000
SIMULATE	day7_final

TIME	8.703
SIM_END		day7_final	8.7s	36.0021m
APPLICATION	CarMaker 13.0.1 - Car_Generic #5 (win64-13.0.1)
COMPILED	jetbrains@6be5821ad487 2024-01-30 13:19:45
 
		I/O Configuration: default
SIM_START	day7_final	2024-03-31 15:49:21
TIME	0.001
		Current random seed value = 1711867761
TIME	0.000
SIMULATE	day7_final

TIME	8.253
SIM_END		day7_final	8.25s	49.0177m
APPLICATION	CarMaker 13.0.1 - Car_Generic #5 (win64-13.0.1)
COMPILED	jetbrains@6be5821ad487 2024-01-30 13:19:45
 
		I/O Configuration: default
SIM_START	day7_final	2024-03-31 15:50:16
TIME	0.001
		Current random seed value = 1711867816
TIME	0.000
SIMULATE	day7_final

TIME	34.352
SIM_END		day7_final	34.349s	378.002m
APPLICATION	CarMaker 13.0.1 - Car_Generic #5 (win64-13.0.1)
COMPILED	jetbrains@6be5821ad487 2024-01-30 13:19:45
 
		I/O Configuration: default
SIM_START	day7_final	2024-03-31 15:57:54
TIME	0.001
		Current random seed value = 1711868274
TIME	0.000
SIMULATE	day7_final

TIME	35.002
SIM_END		day7_final	34.999s	388.077m
APPLICATION	CarMaker 13.0.1 - Car_Generic #5 (win64-13.0.1)
COMPILED	jetbrains@6be5821ad487 2024-01-30 13:19:45
 
		I/O Configuration: default
SIM_START	day7_final	2024-03-31 16:03:08
TIME	0.001
		Current random seed value = 1711868588
TIME	0.000
SIMULATE	day7_final

TIME	35.402
SIM_END		day7_final	35.399s	394.361m
APPLICATION	CarMaker 13.0.1 - Car_Generic #5 (win64-13.0.1)
COMPILED	jetbrains@6be5821ad487 2024-01-30 13:19:45
 
		I/O Configuration: default
SIM_START	day7_final	2024-03-31 16:05:46
TIME	0.001
		Current random seed value = 1711868746
TIME	0.000
SIMULATE	day7_final

TIME	82.953
SIM_END		day7_final	82.95s	865.113m
APPLICATION	CarMaker 13.0.1 - Car_Generic #5 (win64-13.0.1)
COMPILED	jetbrains@6be5821ad487 2024-01-30 13:19:45
 
		I/O Configuration: default
SIM_START	day7_final	2024-03-31 16:15:46
TIME	0.001
		Current random seed value = 1711869346
TIME	0.000
SIMULATE	day7_final

TIME	24.153
SIM_END		day7_final	24.15s	115.978m
APPLICATION	CarMaker 13.0.1 - Car_Generic #5 (win64-13.0.1)
COMPILED	jetbrains@6be5821ad487 2024-01-30 13:19:45
 
		I/O Configuration: default
SIM_START	day7_final	2024-03-31 16:16:31
TIME	0.001
		Current random seed value = 1711869391
TIME	0.000
SIMULATE	day7_final

TIME	23.288
SIM_END		day7_final	23.285s	283.169m
APPLICATION	CarMaker 13.0.1 - Car_Generic #5 (win64-13.0.1)
COMPILED	jetbrains@6be5821ad487 2024-01-30 13:19:45
 
		I/O Configuration: default
SIM_START	day7_final	2024-03-31 16:17:59
TIME	0.001
		Current random seed value = 1711869479
TIME	0.000
SIMULATE	day7_final

TIME	5.903
SIM_END		day7_final	5.9s	37.8535m
APPLICATION	CarMaker 13.0.1 - Car_Generic #5 (win64-13.0.1)
COMPILED	jetbrains@6be5821ad487 2024-01-30 13:19:45
 
		I/O Configuration: default
SIM_START	day7_final	2024-03-31 16:18:31
TIME	0.001
		Current random seed value = 1711869511
TIME	0.000
SIMULATE	day7_final

TIME	5.653
SIM_END		day7_final	5.65s	35.3899m
APPLICATION	CarMaker 13.0.1 - Car_Generic #5 (win64-13.0.1)
COMPILED	jetbrains@6be5821ad487 2024-01-30 13:19:45
 
		I/O Configuration: default
SIM_START	day7_final	2024-03-31 16:19:50
TIME	0.001
		Current random seed value = 1711869590
TIME	0.000
SIMULATE	day7_final

TIME	5.803
SIM_END		day7_final	5.8s	36.8617m
APPLICATION	CarMaker 13.0.1 - Car_Generic #5 (win64-13.0.1)
COMPILED	jetbrains@6be5821ad487 2024-01-30 13:19:45
 
		I/O Configuration: default
SIM_START	day7_final	2024-03-31 16:20:10
TIME	0.001
		Current random seed value = 1711869610
TIME	0.000
SIMULATE	day7_final

TIME	4.403
SIM_END		day7_final	4.4s	23.9055m
APPLICATION	CarMaker 13.0.1 - Car_Generic #5 (win64-13.0.1)
COMPILED	jetbrains@6be5821ad487 2024-01-30 13:19:45
 
		I/O Configuration: default
SIM_START	day7_final	2024-03-31 16:22:36
TIME	0.001
		Current random seed value = 1711869756
TIME	0.000
SIMULATE	day7_final

TIME	8.233
SIM_END		day7_final	8.23s	59.098m
APPLICATION	CarMaker 13.0.1 - Car_Generic #5 (win64-13.0.1)
COMPILED	jetbrains@6be5821ad487 2024-01-30 13:19:45
 
		I/O Configuration: default
SIM_START	day7_final	2024-03-31 16:23:09
TIME	0.001
		Current random seed value = 1711869789
TIME	0.000
SIMULATE	day7_final

TIME	7.573
SIM_END		day7_final	7.57s	52.3912m
APPLICATION	CarMaker 13.0.1 - Car_Generic #5 (win64-13.0.1)
COMPILED	jetbrains@6be5821ad487 2024-01-30 13:19:45
 
		I/O Configuration: default
SIM_START	day7_final	2024-03-31 16:26:13
TIME	0.001
		Current random seed value = 1711869973
TIME	0.000
SIMULATE	day7_final

TIME	9.982
ERROR		Vehicle leaves road at about x=-5.92415, y=27.0404 TireNo=0
SIM_ABORT	day7_final	9.985s	59.6327m
APPLICATION	CarMaker 13.0.1 - Car_Generic #5 (win64-13.0.1)
COMPILED	jetbrains@6be5821ad487 2024-01-30 13:19:45
 
		I/O Configuration: default
SIM_START	day7_final	2024-03-31 16:28:04
TIME	0.001
		Current random seed value = 1711870084
TIME	0.000
SIMULATE	day7_final

TIME	10.703
SIM_END		day7_final	10.7s	75.8523m
APPLICATION	CarMaker 13.0.1 - Car_Generic #5 (win64-13.0.1)
COMPILED	jetbrains@6be5821ad487 2024-01-30 13:19:45
 
		I/O Configuration: default
SIM_START	day7_final	2024-03-31 16:34:25
TIME	0.001
		Current random seed value = 1711870465
TIME	0.000
SIMULATE	day7_final

TIME	11.553
SIM_END		day7_final	11.55s	84.6879m
APPLICATION	CarMaker 13.0.1 - Car_Generic #5 (win64-13.0.1)
COMPILED	jetbrains@6be5821ad487 2024-01-30 13:19:45
 
		I/O Configuration: default
SIM_START	day7_final	2024-03-31 16:35:03
TIME	0.001
		Current random seed value = 1711870503
TIME	0.000
SIMULATE	day7_final

TIME	7.893
ERROR		Vehicle leaves road at about x=-9.95255, y=27.0683 TireNo=0
SIM_ABORT	day7_final	7.896s	44.3796m
APPLICATION	CarMaker 13.0.1 - Car_Generic #5 (win64-13.0.1)
COMPILED	jetbrains@6be5821ad487 2024-01-30 13:19:45
 
		I/O Configuration: default
SIM_START	day7_final	2024-03-31 16:35:57
TIME	0.001
		Current random seed value = 1711870557
TIME	0.000
SIMULATE	day7_final

TIME	7.893
ERROR		Vehicle leaves road at about x=-9.95255, y=27.0683 TireNo=0
SIM_ABORT	day7_final	7.896s	44.3796m
APPLICATION	CarMaker 13.0.1 - Car_Generic #5 (win64-13.0.1)
COMPILED	jetbrains@6be5821ad487 2024-01-30 13:19:45
 
		I/O Configuration: default
SIM_START	day7_final	2024-03-31 16:37:24
TIME	0.001
		Current random seed value = 1711870644
TIME	0.000
SIMULATE	day7_final

TIME	7.893
ERROR		Vehicle leaves road at about x=-9.95255, y=27.0683 TireNo=0
SIM_ABORT	day7_final	7.896s	44.3796m
APPLICATION	CarMaker 13.0.1 - Car_Generic #5 (win64-13.0.1)
COMPILED	jetbrains@6be5821ad487 2024-01-30 13:19:45
 
		I/O Configuration: default
SIM_START	day7_final	2024-03-31 16:41:56
TIME	0.001
		Current random seed value = 1711870916
TIME	0.000
SIMULATE	day7_final

TIME	31.453
SIM_END		day7_final	31.45s	300.011m
APPLICATION	CarMaker 13.0.1 - Car_Generic #5 (win64-13.0.1)
COMPILED	jetbrains@6be5821ad487 2024-01-30 13:19:45
 
		I/O Configuration: default
SIM_START	day7_final	2024-03-31 16:43:13
TIME	0.001
		Current random seed value = 1711870993
TIME	0.000
SIMULATE	day7_final

TIME	14.503
SIM_END		day7_final	14.5s	82.3614m
APPLICATION	CarMaker 13.0.1 - Car_Generic #5 (win64-13.0.1)
COMPILED	jetbrains@6be5821ad487 2024-01-30 13:19:45
 
		I/O Configuration: default
SIM_START	day7_final	2024-03-31 16:43:58
TIME	0.001
		Current random seed value = 1711871038
TIME	0.000
SIMULATE	day7_final

TIME	61.973
ERROR		Vehicle leaves road at about x=-9.94441, y=10.8467 TireNo=1
SIM_ABORT	day7_final	61.976s	813.416m
APPLICATION	CarMaker 13.0.1 - Car_Generic #5 (win64-13.0.1)
COMPILED	jetbrains@6be5821ad487 2024-01-30 13:19:45
 
		I/O Configuration: default
SIM_START	day7_final	2024-03-31 16:51:24
TIME	0.001
		Current random seed value = 1711871484
TIME	0.000
SIMULATE	day7_final

TIME	13.903
SIM_END		day7_final	13.9s	71.1837m
APPLICATION	CarMaker 13.0.1 - Car_Generic #5 (win64-13.0.1)
COMPILED	jetbrains@6be5821ad487 2024-01-30 13:19:45
 
		I/O Configuration: default
SIM_START	day7_final	2024-03-31 16:55:44
TIME	0.001
		Current random seed value = 1711871744
TIME	0.000
SIMULATE	day7_final

TIME	18.153
SIM_END		day7_final	18.15s	197.95m
APPLICATION	CarMaker 13.0.1 - Car_Generic #5 (win64-13.0.1)
COMPILED	jetbrains@6be5821ad487 2024-01-30 13:19:45
 
		I/O Configuration: default
SIM_START	day7_final	2024-03-31 16:56:30
TIME	0.001
		Current random seed value = 1711871790
TIME	0.000
SIMULATE	day7_final

TIME	6.503
SIM_END		day7_final	6.5s	41.825m
APPLICATION	CarMaker 13.0.1 - Car_Generic #5 (win64-13.0.1)
COMPILED	jetbrains@6be5821ad487 2024-01-30 13:19:45
 
		I/O Configuration: default
SIM_START	day7_final	2024-03-31 16:57:35
TIME	0.001
		Current random seed value = 1711871855
TIME	0.000
SIMULATE	day7_final

TIME	8.803
SIM_END		day7_final	8.8s	66.8513m
APPLICATION	CarMaker 13.0.1 - Car_Generic #5 (win64-13.0.1)
COMPILED	jetbrains@6be5821ad487 2024-01-30 13:19:45
 
		I/O Configuration: default
SIM_START	day7_final	2024-03-31 17:04:58
TIME	0.001
		Current random seed value = 1711872298
TIME	0.000
SIMULATE	day7_final

TIME	7.053
SIM_END		day7_final	7.05s	45.8794m
APPLICATION	CarMaker 13.0.1 - Car_Generic #5 (win64-13.0.1)
COMPILED	jetbrains@6be5821ad487 2024-01-30 13:19:45
 
		I/O Configuration: default
SIM_START	day7_final	2024-03-31 17:05:22
TIME	0.001
		Current random seed value = 1711872322
TIME	0.000
SIMULATE	day7_final

TIME	10.303
SIM_END		day7_final	10.3s	83.0932m
APPLICATION	CarMaker 13.0.1 - Car_Generic #5 (win64-13.0.1)
COMPILED	jetbrains@6be5821ad487 2024-01-30 13:19:45
 
		I/O Configuration: default
SIM_START	day7_final	2024-03-31 17:05:52
TIME	0.001
		Current random seed value = 1711872352
TIME	0.000
SIMULATE	day7_final

TIME	12.053
SIM_END		day7_final	12.05s	86.6128m
APPLICATION	CarMaker 13.0.1 - Car_Generic #5 (win64-13.0.1)
COMPILED	jetbrains@6be5821ad487 2024-01-30 13:19:45
 
		I/O Configuration: default
SIM_START	day7_final	2024-03-31 17:09:27
TIME	0.001
		Current random seed value = 1711872567
TIME	0.000
SIMULATE	day7_final

TIME	57.853
SIM_END		day7_final	57.85s	854.868m
APPLICATION	CarMaker 13.0.1 - Car_Generic #5 (win64-13.0.1)
COMPILED	jetbrains@6be5821ad487 2024-01-30 13:19:45
 
		I/O Configuration: default
SIM_START	day7_final	2024-03-31 17:12:07
TIME	0.001
		Current random seed value = 1711872727
TIME	0.000
SIMULATE	day7_final

TIME	7.553
SIM_END		day7_final	7.55s	52.7808m
APPLICATION	CarMaker 13.0.1 - Car_Generic #5 (win64-13.0.1)
COMPILED	jetbrains@6be5821ad487 2024-01-30 13:19:45
 
		I/O Configuration: default
SIM_START	day7_final	2024-03-31 17:15:43
TIME	0.001
		Current random seed value = 1711872943
TIME	0.000
SIMULATE	day7_final

TIME	12.303
SIM_END		day7_final	12.3s	111.507m
APPLICATION	CarMaker 13.0.1 - Car_Generic #5 (win64-13.0.1)
COMPILED	jetbrains@6be5821ad487 2024-01-30 13:19:45
 
		I/O Configuration: default
SIM_START	day7_final	2024-03-31 17:17:32
TIME	0.001
		Current random seed value = 1711873052
TIME	0.000
SIMULATE	day7_final

TIME	20.203
SIM_END		day7_final	20.2s	138.357m
APPLICATION	CarMaker 13.0.1 - Car_Generic #5 (win64-13.0.1)
COMPILED	jetbrains@6be5821ad487 2024-01-30 13:19:45
 
		I/O Configuration: default
SIM_START	day7_final	2024-03-31 17:18:11
TIME	0.001
		Current random seed value = 1711873091
TIME	0.000
SIMULATE	day7_final

TIME	29.603
SIM_END		day7_final	29.6s	271.592m
APPLICATION	CarMaker 13.0.1 - Car_Generic #5 (win64-13.0.1)
COMPILED	jetbrains@6be5821ad487 2024-01-30 13:19:45
 
		I/O Configuration: default
SIM_START	day7_final	2024-03-31 17:19:06
TIME	0.001
		Current random seed value = 1711873146
TIME	0.000
SIMULATE	day7_final

TIME	8.559
ERROR		Vehicle leaves road at about x=-24.9885, y=29.0014 TireNo=1
SIM_ABORT	day7_final	8.562s	35.4355m
APPLICATION	CarMaker 13.0.1 - Car_Generic #5 (win64-13.0.1)
COMPILED	jetbrains@6be5821ad487 2024-01-30 13:19:45
 
		I/O Configuration: default
SIM_START	day7_final	2024-03-31 17:20:24
TIME	0.001
		Current random seed value = 1711873224
TIME	0.000
SIMULATE	day7_final

TIME	17.653
SIM_END		day7_final	17.65s	68.267m
APPLICATION	CarMaker 13.0.1 - Car_Generic #5 (win64-13.0.1)
COMPILED	jetbrains@6be5821ad487 2024-01-30 13:19:45
 
		I/O Configuration: default
SIM_START	day7_final	2024-03-31 17:21:03
TIME	0.001
		Current random seed value = 1711873263
TIME	0.000
SIMULATE	day7_final

TIME	16.553
SIM_END		day7_final	16.55s	95.8357m
APPLICATION	CarMaker 13.0.1 - Car_Generic #5 (win64-13.0.1)
COMPILED	jetbrains@6be5821ad487 2024-01-30 13:19:45
 
		I/O Configuration: default
SIM_START	day7_final	2024-03-31 17:24:04
TIME	0.001
		Current random seed value = 1711873444
TIME	0.000
SIMULATE	day7_final

TIME	23.053
SIM_END		day7_final	23.05s	176.242m
APPLICATION	CarMaker 13.0.1 - Car_Generic #5 (win64-13.0.1)
COMPILED	jetbrains@6be5821ad487 2024-01-30 13:19:45
 
		I/O Configuration: default
SIM_START	day7_final	2024-03-31 17:24:46
TIME	0.001
		Current random seed value = 1711873486
TIME	0.000
SIMULATE	day7_final

TIME	19.803
SIM_END		day7_final	19.8s	133.348m
APPLICATION	CarMaker 13.0.1 - Car_Generic #5 (win64-13.0.1)
COMPILED	jetbrains@6be5821ad487 2024-01-30 13:19:45
 
		I/O Configuration: default
SIM_START	day7_final	2024-03-31 17:43:05
TIME	0.001
		Current random seed value = 1711874585
TIME	0.000
SIMULATE	day7_final

TIME	148.103
SIM_END		day7_final	148.1s	2222.09m
APPLICATION	CarMaker 13.0.1 - Car_Generic #5 (win64-13.0.1)
COMPILED	jetbrains@6be5821ad487 2024-01-30 13:19:45
 
		I/O Configuration: default
SIM_START	day7_final	2024-03-31 18:37:56
TIME	0.001
		Current random seed value = 1711877876
TIME	0.000
SIMULATE	day7_final

TIME	13.453
SIM_END		day7_final	13.45s	59.6187m
APPLICATION	CarMaker 13.0.1 - Car_Generic #5 (win64-13.0.1)
COMPILED	jetbrains@6be5821ad487 2024-01-30 13:19:45
 
		I/O Configuration: default
SIM_START	day7_final	2024-03-31 18:38:29
TIME	0.001
		Current random seed value = 1711877909
TIME	0.000
SIMULATE	day7_final

TIME	6.452
SIM_END		day7_final	6.449s	31.1271m
APPLICATION	CarMaker 13.0.1 - Car_Generic #5 (win64-13.0.1)
COMPILED	jetbrains@6be5821ad487 2024-01-30 13:19:45
 
		I/O Configuration: default
SIM_START	day7_final	2024-03-31 18:39:30
TIME	0.001
		Current random seed value = 1711877970
TIME	0.000
SIMULATE	day7_final

SIM_END		day7_final	1.55s	4.20622m
APPLICATION	CarMaker 13.0.1 - Car_Generic #5 (win64-13.0.1)
COMPILED	jetbrains@6be5821ad487 2024-01-30 13:19:45
 
		I/O Configuration: default
SIM_START	day7_final	2024-03-31 18:39:59
TIME	0.001
		Current random seed value = 1711877999
TIME	0.000
SIMULATE	day7_final

TIME	7.736
ERROR		Vehicle leaves road at about x=-28.1533, y=29.0021 TireNo=0
SIM_ABORT	day7_final	7.739s	36.624m
APPLICATION	CarMaker 13.0.1 - Car_Generic #5 (win64-13.0.1)
COMPILED	jetbrains@6be5821ad487 2024-01-30 13:19:45
 
		I/O Configuration: default
SIM_START	day7_final	2024-03-31 18:40:36
TIME	0.001
		Current random seed value = 1711878036
TIME	0.000
SIMULATE	day7_final

TIME	15.503
SIM_END		day7_final	15.5s	66.4368m
APPLICATION	CarMaker 13.0.1 - Car_Generic #5 (win64-13.0.1)
COMPILED	jetbrains@6be5821ad487 2024-01-30 13:19:45
 
		I/O Configuration: default
SIM_START	day7_final	2024-03-31 18:41:52
TIME	0.001
		Current random seed value = 1711878112
TIME	0.000
SIMULATE	day7_final

TIME	62.903
SIM_END		day7_final	62.9s	718.364m
APPLICATION	CarMaker 13.0.1 - Car_Generic #5 (win64-13.0.1)
COMPILED	jetbrains@6be5821ad487 2024-01-30 13:19:45
 
		I/O Configuration: default
SIM_START	day7_final	2024-03-31 18:52:17
TIME	0.001
		Current random seed value = 1711878737
TIME	0.000
SIMULATE	day7_final

TIME	17.702
SIM_END		day7_final	17.699s	159.925m
APPLICATION	CarMaker 13.0.1 - Car_Generic #5 (win64-13.0.1)
COMPILED	jetbrains@6be5821ad487 2024-01-30 13:19:45
 
		I/O Configuration: default
SIM_START	day7_final	2024-03-31 19:02:03
TIME	0.001
		Current random seed value = 1711879323
TIME	0.000
SIMULATE	day7_final

TIME	14.046
ERROR		Vehicle leaves road at about x=71.3173, y=11.214 TireNo=1
SIM_ABORT	day7_final	14.049s	124.558m
APPLICATION	CarMaker 13.0.1 - Car_Generic #5 (win64-13.0.1)
COMPILED	jetbrains@6be5821ad487 2024-01-30 13:19:45
 
		I/O Configuration: default
SIM_START	day7_final	2024-03-31 19:04:07
TIME	0.001
		Current random seed value = 1711879447
TIME	0.000
SIMULATE	day7_final

TIME	9.553
SIM_END		day7_final	9.55s	73.4106m
APPLICATION	CarMaker 13.0.1 - Car_Generic #5 (win64-13.0.1)
COMPILED	jetbrains@6be5821ad487 2024-01-30 13:19:45
 
		I/O Configuration: default
SIM_START	day7_final	2024-03-31 19:15:31
TIME	0.001
		Current random seed value = 1711880131
TIME	0.000
SIMULATE	day7_final

TIME	8.753
SIM_END		day7_final	8.75s	64.0138m
APPLICATION	CarMaker 13.0.1 - Car_Generic #5 (win64-13.0.1)
COMPILED	jetbrains@6be5821ad487 2024-01-30 13:19:45
 
		I/O Configuration: default
SIM_START	day7_final	2024-03-31 19:16:18
TIME	0.001
		Current random seed value = 1711880178
TIME	0.000
SIMULATE	day7_final

TIME	15.903
SIM_END		day7_final	15.9s	160.115m
APPLICATION	CarMaker 13.0.1 - Car_Generic #5 (win64-13.0.1)
COMPILED	jetbrains@6be5821ad487 2024-01-30 13:19:45
 
		I/O Configuration: default
SIM_START	day7_final	2024-03-31 19:20:28
TIME	0.001
		Current random seed value = 1711880428
TIME	0.000
SIMULATE	day7_final

TIME	13.403
SIM_END		day7_final	13.4s	110.81m
APPLICATION	CarMaker 13.0.1 - Car_Generic #5 (win64-13.0.1)
COMPILED	jetbrains@6be5821ad487 2024-01-30 13:19:45
 
		I/O Configuration: default
SIM_START	day7_final	2024-03-31 19:31:12
TIME	0.001
		Current random seed value = 1711881072
TIME	0.000
SIMULATE	day7_final

TIME	8.053
SIM_END		day7_final	8.05s	55.1822m
APPLICATION	CarMaker 13.0.1 - Car_Generic #5 (win64-13.0.1)
COMPILED	jetbrains@6be5821ad487 2024-01-30 13:19:45
 
		I/O Configuration: default
SIM_START	day7_final	2024-03-31 19:32:11
TIME	0.001
		Current random seed value = 1711881131
TIME	0.000
SIMULATE	day7_final

TIME	64.953
SIM_END		day7_final	64.95s	945.118m
APPLICATION	CarMaker 13.0.1 - Car_Generic #5 (win64-13.0.1)
COMPILED	jetbrains@6be5821ad487 2024-01-30 13:19:45
 
		I/O Configuration: default
SIM_START	day7_final	2024-03-31 19:39:57
TIME	0.001
		Current random seed value = 1711881597
TIME	0.000
SIMULATE	day7_final

TIME	59.353
SIM_END		day7_final	59.35s	855.926m
APPLICATION	CarMaker 13.0.1 - Car_Generic #5 (win64-13.0.1)
COMPILED	jetbrains@6be5821ad487 2024-01-30 13:19:45
 
		I/O Configuration: default
SIM_START	day7_final	2024-03-31 19:49:14
TIME	0.001
		Current random seed value = 1711882154
TIME	0.000
SIMULATE	day7_final

TIME	5.703
SIM_END		day7_final	5.7s	35.0913m
APPLICATION	CarMaker 13.0.1 - Car_Generic #5 (win64-13.0.1)
COMPILED	jetbrains@6be5821ad487 2024-01-30 13:19:45
 
		I/O Configuration: default
SIM_START	day7_final	2024-03-31 19:52:07
TIME	0.001
		Current random seed value = 1711882327
TIME	0.000
SIMULATE	day7_final

TIME	7.503
SIM_END		day7_final	7.5s	49.6327m
APPLICATION	CarMaker 13.0.1 - Car_Generic #5 (win64-13.0.1)
COMPILED	jetbrains@6be5821ad487 2024-01-30 13:19:45
 
		I/O Configuration: default
SIM_START	day7_final	2024-03-31 19:53:37
TIME	0.001
		Current random seed value = 1711882417
TIME	0.000
SIMULATE	day7_final

TIME	14.903
SIM_END		day7_final	14.9s	103.817m
APPLICATION	CarMaker 13.0.1 - Car_Generic #5 (win64-13.0.1)
COMPILED	jetbrains@6be5821ad487 2024-01-30 13:19:45
 
		I/O Configuration: default
SIM_START	day7_final	2024-03-31 19:56:24
TIME	0.001
		Current random seed value = 1711882584
TIME	0.000
SIMULATE	day7_final

TIME	13.602
SIM_END		day7_final	13.599s	132.331m
APPLICATION	CarMaker 13.0.1 - Car_Generic #5 (win64-13.0.1)
COMPILED	jetbrains@6be5821ad487 2024-01-30 13:19:45
 
		I/O Configuration: default
SIM_START	day7_final	2024-03-31 20:01:32
TIME	0.001
		Current random seed value = 1711882892
TIME	0.000
SIMULATE	day7_final

TIME	8.553
SIM_END		day7_final	8.55s	47.635m
APPLICATION	CarMaker 13.0.1 - Car_Generic #5 (win64-13.0.1)
COMPILED	jetbrains@6be5821ad487 2024-01-30 13:19:45
 
		I/O Configuration: default
SIM_START	day7_final	2024-03-31 20:03:16
TIME	0.001
		Current random seed value = 1711882996
TIME	0.000
SIMULATE	day7_final

SIM_END		day7_final	1.95s	6.18742m
APPLICATION	CarMaker 13.0.1 - Car_Generic #5 (win64-13.0.1)
COMPILED	jetbrains@6be5821ad487 2024-01-30 13:19:45
 
		I/O Configuration: default
SIM_START	day7_final	2024-03-31 20:05:05
TIME	0.001
		Current random seed value = 1711883105
TIME	0.000
SIMULATE	day7_final

TIME	11.353
SIM_END		day7_final	11.35s	79.0204m
APPLICATION	CarMaker 13.0.1 - Car_Generic #5 (win64-13.0.1)
COMPILED	jetbrains@6be5821ad487 2024-01-30 13:19:45
 
		I/O Configuration: default
SIM_START	day7_final	2024-03-31 20:08:51
TIME	0.001
		Current random seed value = 1711883331
TIME	0.000
SIMULATE	day7_final

TIME	6.455
ERROR		Vehicle leaves road at about x=-9.94792, y=27.2103 TireNo=0
SIM_ABORT	day7_final	6.458s	42.8568m
APPLICATION	CarMaker 13.0.1 - Car_Generic #5 (win64-13.0.1)
COMPILED	jetbrains@6be5821ad487 2024-01-30 13:19:45
 
		I/O Configuration: default
SIM_START	day7_final	2024-03-31 20:14:08
TIME	0.001
		Current random seed value = 1711883648
TIME	0.000
SIMULATE	day7_final

TIME	11.303
SIM_END		day7_final	11.3s	85.8308m
APPLICATION	CarMaker 13.0.1 - Car_Generic #5 (win64-13.0.1)
COMPILED	jetbrains@6be5821ad487 2024-01-30 13:19:45
 
		I/O Configuration: default
SIM_START	day7_final	2024-03-31 20:17:02
TIME	0.001
		Current random seed value = 1711883822
TIME	0.000
SIMULATE	day7_final

TIME	6.903
SIM_END		day7_final	6.9s	45.501m
APPLICATION	CarMaker 13.0.1 - Car_Generic #5 (win64-13.0.1)
COMPILED	jetbrains@6be5821ad487 2024-01-30 13:19:45
 
		I/O Configuration: default
SIM_START	day7_final	2024-03-31 20:18:33
TIME	0.001
		Current random seed value = 1711883913
TIME	0.000
SIMULATE	day7_final

SIM_END		day7_final	0s	0m
APPLICATION	CarMaker 13.0.1 - Car_Generic #5 (win64-13.0.1)
COMPILED	jetbrains@6be5821ad487 2024-01-30 13:19:45
 
		I/O Configuration: default
SIM_START	day7_final	2024-03-31 20:22:10
TIME	0.001
		Current random seed value = 1711884130
TIME	0.000
SIMULATE	day7_final

TIME	206.710
SIM_END		day7_final	206.707s	3262.79m
APPLICATION	CarMaker 13.0.1 - Car_Generic #5 (win64-13.0.1)
COMPILED	jetbrains@6be5821ad487 2024-01-30 13:19:45
 
		I/O Configuration: default
SIM_START	day7_final	2024-03-31 20:25:21
TIME	0.001
		Current random seed value = 1711884321
TIME	0.000
SIMULATE	day7_final

TIME	6.537
ERROR		Vehicle leaves road at about x=-9.9505, y=11.0956 TireNo=0
SIM_ABORT	day7_final	6.54s	43.6078m
APPLICATION	CarMaker 13.0.1 - Car_Generic #5 (win64-13.0.1)
COMPILED	jetbrains@6be5821ad487 2024-01-30 13:19:45
 
		I/O Configuration: default
SIM_START	day7_final	2024-03-31 20:26:17
TIME	0.001
		Current random seed value = 1711884377
TIME	0.000
SIMULATE	day7_final

TIME	6.455
ERROR		Vehicle leaves road at about x=-9.94792, y=27.2103 TireNo=0
SIM_ABORT	day7_final	6.458s	42.8568m
APPLICATION	CarMaker 13.0.1 - Car_Generic #5 (win64-13.0.1)
COMPILED	jetbrains@6be5821ad487 2024-01-30 13:19:45
 
		I/O Configuration: default
SIM_START	day7_final	2024-03-31 20:27:44
TIME	0.001
		Current random seed value = 1711884464
TIME	0.000
SIMULATE	day7_final

TIME	6.455
ERROR		Vehicle leaves road at about x=-9.94792, y=27.2103 TireNo=0
SIM_ABORT	day7_final	6.458s	42.8568m
APPLICATION	CarMaker 13.0.1 - Car_Generic #5 (win64-13.0.1)
COMPILED	jetbrains@6be5821ad487 2024-01-30 13:19:45
 
		I/O Configuration: default
SIM_START	day7_final	2024-03-31 20:28:23
TIME	0.001
		Current random seed value = 1711884503
TIME	0.000
SIMULATE	day7_final

TIME	6.455
ERROR		Vehicle leaves road at about x=-9.94792, y=27.2103 TireNo=0
SIM_ABORT	day7_final	6.458s	42.8568m
APPLICATION	CarMaker 13.0.1 - Car_Generic #5 (win64-13.0.1)
COMPILED	jetbrains@6be5821ad487 2024-01-30 13:19:45
 
		I/O Configuration: default
SIM_START	day7_final	2024-03-31 20:32:50
TIME	0.001
		Current random seed value = 1711884770
TIME	0.000
SIMULATE	day7_final

TIME	10.953
SIM_END		day7_final	10.95s	84.1365m
APPLICATION	CarMaker 13.0.1 - Car_Generic #5 (win64-13.0.1)
COMPILED	jetbrains@6be5821ad487 2024-01-30 13:19:45
 
		I/O Configuration: default
SIM_START	day7_final	2024-03-31 20:34:21
TIME	0.001
		Current random seed value = 1711884861
TIME	0.000
SIMULATE	day7_final

TIME	70.353
SIM_END		day7_final	70.35s	1017.79m
APPLICATION	CarMaker 13.0.1 - Car_Generic #5 (win64-13.0.1)
COMPILED	jetbrains@6be5821ad487 2024-01-30 13:19:45
 
		I/O Configuration: default
SIM_START	day7_final	2024-03-31 20:37:20
TIME	0.001
		Current random seed value = 1711885040
TIME	0.000
SIMULATE	day7_final

TIME	87.353
SIM_END		day7_final	87.35s	1315.62m
APPLICATION	CarMaker 13.0.1 - Car_Generic #5 (win64-13.0.1)
COMPILED	jetbrains@6be5821ad487 2024-01-30 13:19:45
 
		I/O Configuration: default
SIM_START	day7_final	2024-03-31 20:39:43
TIME	0.001
		Current random seed value = 1711885183
TIME	0.000
SIMULATE	day7_final

TIME	124.053
SIM_END		day7_final	124.05s	1885.04m
APPLICATION	CarMaker 13.0.1 - Car_Generic #5 (win64-13.0.1)
COMPILED	jetbrains@6be5821ad487 2024-01-30 13:19:45
 
		I/O Configuration: default
SIM_START	day7_final	2024-03-31 20:42:59
TIME	0.001
		Current random seed value = 1711885379
TIME	0.000
SIMULATE	day7_final

TIME	88.204
SIM_END		day7_final	88.201s	1326.05m
APPLICATION	CarMaker 13.0.1 - Car_Generic #5 (win64-13.0.1)
COMPILED	jetbrains@6be5821ad487 2024-01-30 13:19:45
 
		I/O Configuration: default
SIM_START	day7_final	2024-03-31 20:45:22
TIME	0.001
		Current random seed value = 1711885522
TIME	0.000
SIMULATE	day7_final

TIME	79.521
SIM_END		day7_final	79.518s	1162.36m
APPLICATION	CarMaker 13.0.1 - Car_Generic #5 (win64-13.0.1)
COMPILED	jetbrains@6be5821ad487 2024-01-30 13:19:45
 
		I/O Configuration: default
SIM_START	day7_final	2024-03-31 20:48:15
TIME	0.001
		Current random seed value = 1711885695
TIME	0.000
SIMULATE	day7_final

TIME	136.489
SIM_END		day7_final	136.486s	1956.11m
APPLICATION	CarMaker 13.0.1 - Car_Generic #5 (win64-13.0.1)
COMPILED	jetbrains@6be5821ad487 2024-01-30 13:19:45
 
		I/O Configuration: default
SIM_START	day7_final	2024-03-31 21:12:55
TIME	0.001
		Current random seed value = 1711887175
TIME	0.000
SIMULATE	day7_final

TIME	24.202
SIM_END		day7_final	24.199s	245.836m
APPLICATION	CarMaker 13.0.1 - Car_Generic #5 (win64-13.0.1)
COMPILED	jetbrains@6be5821ad487 2024-01-30 13:19:45
 
		I/O Configuration: default
SIM_START	day7_final	2024-03-31 21:28:24
TIME	0.001
		Current random seed value = 1711888104
TIME	0.000
SIMULATE	day7_final

TIME	21.952
SIM_END		day7_final	21.949s	232.535m
APPLICATION	CarMaker 13.0.1 - Car_Generic #5 (win64-13.0.1)
COMPILED	jetbrains@6be5821ad487 2024-01-30 13:19:45
 
		I/O Configuration: default
SIM_START	day7_final	2024-03-31 21:33:22
TIME	0.001
		Current random seed value = 1711888402
TIME	0.000
SIMULATE	day7_final

TIME	20.002
SIM_END		day7_final	19.999s	225.065m
APPLICATION	CarMaker 13.0.1 - Car_Generic #5 (win64-13.0.1)
COMPILED	jetbrains@6be5821ad487 2024-01-30 13:19:45
 
		I/O Configuration: default
SIM_START	day7_final	2024-03-31 21:37:34
TIME	0.001
		Current random seed value = 1711888654
TIME	0.000
SIMULATE	day7_final

TIME	105.703
SIM_END		day7_final	105.7s	1627.94m
APPLICATION	CarMaker 13.0.1 - Car_Generic #5 (win64-13.0.1)
COMPILED	jetbrains@6be5821ad487 2024-01-30 13:19:45
 
		I/O Configuration: default
SIM_START	day7_final	2024-03-31 21:41:12
TIME	0.001
		Current random seed value = 1711888872
TIME	0.000
SIMULATE	day7_final

TIME	3.295
ERROR		Vehicle leaves road at about x=-51.4259, y=12.489 TireNo=1
SIM_ABORT	day7_final	3.298s	7.45164m
APPLICATION	CarMaker 13.0.1 - Car_Generic #5 (win64-13.0.1)
COMPILED	jetbrains@6be5821ad487 2024-01-30 13:19:45
 
		I/O Configuration: default
SIM_START	day7_final	2024-03-31 21:41:52
TIME	0.001
		Current random seed value = 1711888912
TIME	0.000
SIMULATE	day7_final

TIME	3.295
ERROR		Vehicle leaves road at about x=-51.4259, y=12.489 TireNo=1
SIM_ABORT	day7_final	3.298s	7.45164m
APPLICATION	CarMaker 13.0.1 - Car_Generic #5 (win64-13.0.1)
COMPILED	jetbrains@6be5821ad487 2024-01-30 13:19:45
 
		I/O Configuration: default
SIM_START	day7_final	2024-03-31 21:43:11
TIME	0.001
		Current random seed value = 1711888991
TIME	0.000
SIMULATE	day7_final

TIME	16.803
SIM_END		day7_final	16.8s	152.585m
APPLICATION	CarMaker 13.0.1 - Car_Generic #5 (win64-13.0.1)
COMPILED	jetbrains@6be5821ad487 2024-01-30 13:19:45
 
		I/O Configuration: default
SIM_START	day7_final	2024-03-31 21:44:04
TIME	0.001
		Current random seed value = 1711889044
TIME	0.000
SIMULATE	day7_final

TIME	52.103
SIM_END		day7_final	52.1s	719.364m
APPLICATION	CarMaker 13.0.1 - Car_Generic #5 (win64-13.0.1)
COMPILED	jetbrains@6be5821ad487 2024-01-30 13:19:45
 
		I/O Configuration: default
SIM_START	day7_final	2024-03-31 21:44:55
TIME	0.001
		Current random seed value = 1711889095
TIME	0.000
SIMULATE	day7_final

TIME	16.541
SIM_END		day7_final	16.538s	149.512m
APPLICATION	CarMaker 13.0.1 - Car_Generic #5 (win64-13.0.1)
COMPILED	jetbrains@6be5821ad487 2024-01-30 13:19:45
 
		I/O Configuration: default
SIM_START	day7_final	2024-03-31 21:46:11
TIME	0.001
		Current random seed value = 1711889171
TIME	0.000
SIMULATE	day7_final

TIME	41.702
SIM_END		day7_final	41.699s	396.589m
APPLICATION	CarMaker 13.0.1 - Car_Generic #5 (win64-13.0.1)
COMPILED	jetbrains@6be5821ad487 2024-01-30 13:19:45
 
		I/O Configuration: default
SIM_START	day7_final	2024-03-31 21:47:51
TIME	0.001
		Current random seed value = 1711889271
TIME	0.000
SIMULATE	day7_final

TIME	118.353
SIM_END		day7_final	118.35s	1684.14m
APPLICATION	CarMaker 13.0.1 - Car_Generic #5 (win64-13.0.1)
COMPILED	jetbrains@6be5821ad487 2024-01-30 13:19:45
 
		I/O Configuration: default
SIM_START	day7_final	2024-03-31 21:53:50
TIME	0.001
		Current random seed value = 1711889630
TIME	0.000
SIMULATE	day7_final

TIME	67.803
SIM_END		day7_final	67.8s	816.337m
APPLICATION	CarMaker 13.0.1 - Car_Generic #5 (win64-13.0.1)
COMPILED	jetbrains@6be5821ad487 2024-01-30 13:19:45
 
		I/O Configuration: default
SIM_START	day7_final	2024-03-31 21:56:59
TIME	0.001
		Current random seed value = 1711889819
TIME	0.000
SIMULATE	day7_final

TIME	75.853
SIM_END		day7_final	75.85s	1029.26m
APPLICATION	CarMaker 13.0.1 - Car_Generic #5 (win64-13.0.1)
COMPILED	jetbrains@6be5821ad487 2024-01-30 13:19:45
 
		I/O Configuration: default
SIM_START	day7_final	2024-03-31 22:03:00
TIME	0.001
		Current random seed value = 1711890180
TIME	0.000
SIMULATE	day7_final

TIME	28.902
SIM_END		day7_final	28.899s	315.974m
APPLICATION	CarMaker 13.0.1 - Car_Generic #5 (win64-13.0.1)
COMPILED	jetbrains@6be5821ad487 2024-01-30 13:19:45
 
		I/O Configuration: default
SIM_START	day7_final	2024-03-31 22:09:47
TIME	0.001
		Current random seed value = 1711890587
TIME	0.000
SIMULATE	day7_final

TIME	71.453
SIM_END		day7_final	71.45s	976.593m
APPLICATION	CarMaker 13.0.1 - Car_Generic #5 (win64-13.0.1)
COMPILED	jetbrains@6be5821ad487 2024-01-30 13:19:45
 
		I/O Configuration: default
SIM_START	day7_final	2024-03-31 22:11:38
TIME	0.001
		Current random seed value = 1711890698
TIME	0.000
SIMULATE	day7_final

TIME	53.053
SIM_END		day7_final	53.05s	723.647m
APPLICATION	CarMaker 13.0.1 - Car_Generic #5 (win64-13.0.1)
COMPILED	jetbrains@6be5821ad487 2024-01-30 13:19:45
 
		I/O Configuration: default
SIM_START	day7_final	2024-03-31 22:14:33
TIME	0.001
		Current random seed value = 1711890873
TIME	0.000
SIMULATE	day7_final

TIME	15.831
ERROR		Vehicle leaves road at about x=51.6513, y=9.34747 TireNo=1
SIM_ABORT	day7_final	15.834s	158.395m
APPLICATION	CarMaker 13.0.1 - Car_Generic #5 (win64-13.0.1)
COMPILED	jetbrains@6be5821ad487 2024-01-30 13:19:45
 
		I/O Configuration: default
SIM_START	day7_final	2024-03-31 22:15:51
TIME	0.001
		Current random seed value = 1711890951
TIME	0.000
SIMULATE	day7_final

TIME	23.602
SIM_END		day7_final	23.599s	273.689m
APPLICATION	CarMaker 13.0.1 - Car_Generic #5 (win64-13.0.1)
COMPILED	jetbrains@6be5821ad487 2024-01-30 13:19:45
 
		I/O Configuration: default
SIM_START	day7_final	2024-03-31 22:23:54
TIME	0.001
		Current random seed value = 1711891434
TIME	0.000
SIMULATE	day7_final

TIME	25.602
SIM_END		day7_final	25.599s	294.856m
APPLICATION	CarMaker 13.0.1 - Car_Generic #5 (win64-13.0.1)
COMPILED	jetbrains@6be5821ad487 2024-01-30 13:19:45
 
		I/O Configuration: default
SIM_START	day7_final	2024-03-31 22:29:04
TIME	0.001
		Current random seed value = 1711891744
TIME	0.000
SIMULATE	day7_final

TIME	86.003
SIM_END		day7_final	86s	1151.69m
APPLICATION	CarMaker 13.0.1 - Car_Generic #5 (win64-13.0.1)
COMPILED	jetbrains@6be5821ad487 2024-01-30 13:19:45
 
		I/O Configuration: default
SIM_START	day7_final	2024-03-31 22:32:02
TIME	0.001
		Current random seed value = 1711891922
TIME	0.000
SIMULATE	day7_final

TIME	32.780
SIM_END		day7_final	32.777s	344.368m
APPLICATION	CarMaker 13.0.1 - Car_Generic #5 (win64-13.0.1)
COMPILED	jetbrains@6be5821ad487 2024-01-30 13:19:45
 
		I/O Configuration: default
SIM_START	day7_final	2024-03-31 22:33:03
TIME	0.001
		Current random seed value = 1711891983
TIME	0.000
SIMULATE	day7_final

TIME	52.003
SIM_END		day7_final	52s	713.051m
APPLICATION	CarMaker 13.0.1 - Car_Generic #5 (win64-13.0.1)
COMPILED	jetbrains@6be5821ad487 2024-01-30 13:19:45
 
		I/O Configuration: default
SIM_START	day7_final	2024-03-31 22:34:43
TIME	0.001
		Current random seed value = 1711892083
TIME	0.000
SIMULATE	day7_final

TIME	24.403
SIM_END		day7_final	24.4s	255.977m
APPLICATION	CarMaker 13.0.1 - Car_Generic #5 (win64-13.0.1)
COMPILED	jetbrains@6be5821ad487 2024-01-30 13:19:45
 
		I/O Configuration: default
SIM_START	day7_final	2024-03-31 22:43:10
TIME	0.001
		Current random seed value = 1711892590
TIME	0.000
SIMULATE	day7_final

TIME	185.503
SIM_END		day7_final	185.5s	2722.92m
APPLICATION	CarMaker 13.0.1 - Car_Generic #5 (win64-13.0.1)
COMPILED	jetbrains@6be5821ad487 2024-01-30 13:19:45
 
		I/O Configuration: default
SIM_START	day7_final	2024-03-31 22:52:34
TIME	0.001
		Current random seed value = 1711893154
TIME	0.000
SIMULATE	day7_final

TIME	91.953
SIM_END		day7_final	91.95s	1212.67m
APPLICATION	CarMaker 13.0.1 - Car_Generic #5 (win64-13.0.1)
COMPILED	jetbrains@6be5821ad487 2024-01-30 13:19:45
 
		I/O Configuration: default
SIM_START	day7_final	2024-03-31 22:57:13
TIME	0.001
		Current random seed value = 1711893433
TIME	0.000
SIMULATE	day7_final

TIME	105.103
SIM_END		day7_final	105.1s	1209.67m
APPLICATION	CarMaker 13.0.1 - Car_Generic #5 (win64-13.0.1)
COMPILED	jetbrains@6be5821ad487 2024-01-30 13:19:45
 
		I/O Configuration: default
SIM_START	day7_final	2024-03-31 23:02:11
TIME	0.001
		Current random seed value = 1711893731
TIME	0.000
SIMULATE	day7_final

TIME	108.103
SIM_END		day7_final	108.1s	924.28m
APPLICATION	CarMaker 13.0.1 - Car_Generic #5 (win64-13.0.1)
COMPILED	jetbrains@6be5821ad487 2024-01-30 13:19:45
 
		I/O Configuration: default
SIM_START	day7_final	2024-03-31 23:04:17
TIME	0.001
		Current random seed value = 1711893857
TIME	0.000
SIMULATE	day7_final

TIME	27.353
SIM_END		day7_final	27.35s	220.726m
APPLICATION	CarMaker 13.0.1 - Car_Generic #5 (win64-13.0.1)
COMPILED	jetbrains@6be5821ad487 2024-01-30 13:19:45
 
		I/O Configuration: default
SIM_START	day7_final	2024-03-31 23:05:26
TIME	0.001
		Current random seed value = 1711893926
TIME	0.000
SIMULATE	day7_final

TIME	88.203
SIM_END		day7_final	88.2s	1141.28m
APPLICATION	CarMaker 13.0.1 - Car_Generic #5 (win64-13.0.1)
COMPILED	jetbrains@6be5821ad487 2024-01-30 13:19:45
 
		I/O Configuration: default
SIM_START	day7_final	2024-03-31 23:09:14
TIME	0.001
		Current random seed value = 1711894154
TIME	0.000
SIMULATE	day7_final

TIME	76.534
SIM_END		day7_final	76.531s	1018.62m
APPLICATION	CarMaker 13.0.1 - Car_Generic #5 (win64-13.0.1)
COMPILED	jetbrains@6be5821ad487 2024-01-30 13:19:45
 
		I/O Configuration: default
SIM_START	day7_final	2024-03-31 23:12:19
TIME	0.001
		Current random seed value = 1711894339
TIME	0.000
SIMULATE	day7_final

TIME	2.314
SIM_END		day7_final	2.311s	8.38934m
APPLICATION	CarMaker 13.0.1 - Car_Generic #5 (win64-13.0.1)
COMPILED	jetbrains@6be5821ad487 2024-01-30 13:19:45
 
		I/O Configuration: default
SIM_START	day7_final	2024-03-31 23:15:03
TIME	0.001
		Current random seed value = 1711894503
TIME	0.000
SIMULATE	day7_final

TIME	19.954
SIM_END		day7_final	19.951s	193.709m
APPLICATION	CarMaker 13.0.1 - Car_Generic #5 (win64-13.0.1)
COMPILED	jetbrains@6be5821ad487 2024-01-30 13:19:45
 
		I/O Configuration: default
SIM_START	day7_final	2024-03-31 23:17:19
TIME	0.001
		Current random seed value = 1711894639
TIME	0.000
SIMULATE	day7_final

TIME	79.854
SIM_END		day7_final	79.851s	981.93m
APPLICATION	CarMaker 13.0.1 - Car_Generic #5 (win64-13.0.1)
COMPILED	jetbrains@6be5821ad487 2024-01-30 13:19:45
 
		I/O Configuration: default
SIM_START	day7_final	2024-03-31 23:25:10
TIME	0.001
		Current random seed value = 1711895110
TIME	0.000
SIMULATE	day7_final

TIME	41.803
SIM_END		day7_final	41.8s	427.965m
APPLICATION	CarMaker 13.0.1 - Car_Generic #5 (win64-13.0.1)
COMPILED	jetbrains@6be5821ad487 2024-01-30 13:19:45
 
		I/O Configuration: default
SIM_START	day7_final	2024-03-31 23:31:02
TIME	0.001
		Current random seed value = 1711895462
TIME	0.000
SIMULATE	day7_final

TIME	13.219
ERROR		Vehicle leaves road at about x=1.30403, y=-40.0199 TireNo=1
SIM_ABORT	day7_final	13.222s	90.3169m
APPLICATION	CarMaker 13.0.1 - Car_Generic #5 (win64-13.0.1)
COMPILED	jetbrains@6be5821ad487 2024-01-30 13:19:45
 
		I/O Configuration: default
SIM_START	day7_final	2024-03-31 23:34:15
TIME	0.001
		Current random seed value = 1711895655
TIME	0.000
SIMULATE	day7_final

TIME	19.367
ERROR		Vehicle leaves road at about x=67.3532, y=28.5962 TireNo=0
SIM_ABORT	day7_final	19.37s	136.807m
APPLICATION	CarMaker 13.0.1 - Car_Generic #5 (win64-13.0.1)
COMPILED	jetbrains@6be5821ad487 2024-01-30 13:19:45
 
		I/O Configuration: default
SIM_START	day7_final	2024-03-31 23:34:53
TIME	0.001
		Current random seed value = 1711895693
TIME	0.000
SIMULATE	day7_final

TIME	14.068
ERROR		Vehicle leaves road at about x=7.13739, y=9.30143 TireNo=1
SIM_ABORT	day7_final	14.071s	80.9147m
APPLICATION	CarMaker 13.0.1 - Car_Generic #5 (win64-13.0.1)
COMPILED	jetbrains@6be5821ad487 2024-01-30 13:19:45
 
		I/O Configuration: default
SIM_START	day7_final	2024-03-31 23:36:03
TIME	0.001
		Current random seed value = 1711895763
TIME	0.000
SIMULATE	day7_final

TIME	9.414
ERROR		Vehicle leaves road at about x=3.13432, y=6.60081 TireNo=0
SIM_ABORT	day7_final	9.417s	68.2721m
APPLICATION	CarMaker 13.0.1 - Car_Generic #5 (win64-13.0.1)
COMPILED	jetbrains@6be5821ad487 2024-01-30 13:19:45
 
		I/O Configuration: default
SIM_START	day7_final	2024-03-31 23:37:12
TIME	0.001
		Current random seed value = 1711895832
TIME	0.000
SIMULATE	day7_final

TIME	23.153
ERROR		Vehicle leaves road at about x=1.01652, y=-39.9717 TireNo=1
SIM_ABORT	day7_final	23.156s	111.681m
APPLICATION	CarMaker 13.0.1 - Car_Generic #5 (win64-13.0.1)
COMPILED	jetbrains@6be5821ad487 2024-01-30 13:19:45
 
		I/O Configuration: default
SIM_START	day7_final	2024-03-31 23:43:54
TIME	0.001
		Current random seed value = 1711896234
TIME	0.000
SIMULATE	day7_final

TIME	12.803
SIM_END		day7_final	12.8s	60.1811m
APPLICATION	CarMaker 13.0.1 - Car_Generic #5 (win64-13.0.1)
COMPILED	jetbrains@6be5821ad487 2024-01-30 13:19:45
 
		I/O Configuration: default
SIM_START	day7_final	2024-03-31 23:44:23
TIME	0.001
		Current random seed value = 1711896263
TIME	0.000
SIMULATE	day7_final

TIME	51.831
ERROR		Vehicle leaves road at about x=64.7843, y=28.8297 TireNo=0
SIM_ABORT	day7_final	51.834s	174.98m
APPLICATION	CarMaker 13.0.1 - Car_Generic #5 (win64-13.0.1)
COMPILED	jetbrains@6be5821ad487 2024-01-30 13:19:45
 
		I/O Configuration: default
SIM_START	day7_final	2024-04-01 01:37:53
TIME	0.001
		Current random seed value = 1711903073
TIME	0.000
SIMULATE	day7_final

SIM_END		day7_final	0s	0m
APPLICATION	CarMaker 13.0.1 - Car_Generic #5 (win64-13.0.1)
COMPILED	jetbrains@6be5821ad487 2024-01-30 13:19:45
 
		I/O Configuration: default
SIM_START	day7_final	2024-04-01 01:40:15
TIME	0.001
		Current random seed value = 1711903215
TIME	0.000
SIMULATE	day7_final

SIM_END		day7_final	0s	0m
APPLICATION	CarMaker 13.0.1 - Car_Generic #5 (win64-13.0.1)
COMPILED	jetbrains@6be5821ad487 2024-01-30 13:19:45
 
		I/O Configuration: default
SIM_START	day7_final	2024-04-01 01:42:38
TIME	0.001
		Current random seed value = 1711903358
TIME	0.000
SIMULATE	day7_final

SIM_END		day7_final	0s	0m
APPLICATION	CarMaker 13.0.1 - Car_Generic #5 (win64-13.0.1)
COMPILED	jetbrains@6be5821ad487 2024-01-30 13:19:45
 
		I/O Configuration: default
SIM_START	day7_final	2024-04-01 01:44:13
TIME	0.001
		Current random seed value = 1711903453
TIME	0.000
SIMULATE	day7_final

SIM_END		day7_final	0s	0m
APPLICATION	CarMaker 13.0.1 - Car_Generic #5 (win64-13.0.1)
COMPILED	jetbrains@6be5821ad487 2024-01-30 13:19:45
 
		I/O Configuration: default
SIM_START	day7_final	2024-04-01 01:45:16
TIME	0.001
		Current random seed value = 1711903516
TIME	0.000
SIMULATE	day7_final

SIM_END		day7_final	0s	0m
APPLICATION	CarMaker 13.0.1 - Car_Generic #5 (win64-13.0.1)
COMPILED	jetbrains@6be5821ad487 2024-01-30 13:19:45
 
		I/O Configuration: default
SIM_START	day7_final	2024-04-01 01:45:48
TIME	0.001
		Current random seed value = 1711903548
TIME	0.000
SIMULATE	day7_final

SIM_END		day7_final	0s	0m
APPLICATION	CarMaker 13.0.1 - Car_Generic #5 (win64-13.0.1)
COMPILED	jetbrains@6be5821ad487 2024-01-30 13:19:45
 
		I/O Configuration: default
SIM_START	day7_final	2024-04-01 01:46:45
TIME	0.001
		Current random seed value = 1711903605
TIME	0.000
SIMULATE	day7_final

SIM_END		day7_final	0s	0m
APPLICATION	CarMaker 13.0.1 - Car_Generic #5 (win64-13.0.1)
COMPILED	jetbrains@6be5821ad487 2024-01-30 13:19:45
 
		I/O Configuration: default
SIM_START	day7_final	2024-04-01 01:47:55
TIME	0.001
		Current random seed value = 1711903675
TIME	0.000
SIMULATE	day7_final

TIME	9.115
ERROR		Vehicle leaves road at about x=-58.0229, y=28.766 TireNo=0
SIM_ABORT	day7_final	9.118s	42.2336m
APPLICATION	CarMaker 13.0.1 - Car_Generic #5 (win64-13.0.1)
COMPILED	jetbrains@6be5821ad487 2024-01-30 13:19:45
 
		I/O Configuration: default
SIM_START	day7_final	2024-04-01 01:48:50
TIME	0.001
		Current random seed value = 1711903730
TIME	0.000
SIMULATE	day7_final

TIME	9.115
ERROR		Vehicle leaves road at about x=-58.0229, y=28.766 TireNo=0
SIM_ABORT	day7_final	9.118s	42.2336m
APPLICATION	CarMaker 13.0.1 - Car_Generic #5 (win64-13.0.1)
COMPILED	jetbrains@6be5821ad487 2024-01-30 13:19:45
 
		I/O Configuration: default
SIM_START	day7_final	2024-04-01 01:49:54
TIME	0.001
		Current random seed value = 1711903794
TIME	0.000
SIMULATE	day7_final

TIME	9.115
ERROR		Vehicle leaves road at about x=-58.0229, y=28.766 TireNo=0
SIM_ABORT	day7_final	9.118s	42.2336m
APPLICATION	CarMaker 13.0.1 - Car_Generic #5 (win64-13.0.1)
COMPILED	jetbrains@6be5821ad487 2024-01-30 13:19:45
 
		I/O Configuration: default
SIM_START	day7_final	2024-04-01 01:53:57
TIME	0.001
		Current random seed value = 1711904037
TIME	0.000
SIMULATE	day7_final

SIM_END		day7_final	0.6s	0.681241m
APPLICATION	CarMaker 13.0.1 - Car_Generic #5 (win64-13.0.1)
COMPILED	jetbrains@6be5821ad487 2024-01-30 13:19:45
 
		I/O Configuration: default
SIM_START	day7_final	2024-04-01 01:55:41
TIME	0.001
		Current random seed value = 1711904141
TIME	0.000
SIMULATE	day7_final

TIME	20.581
ERROR		Vehicle leaves road at about x=-18.7985, y=8.99849 TireNo=1
SIM_ABORT	day7_final	20.584s	87.8399m
APPLICATION	CarMaker 13.0.1 - Car_Generic #5 (win64-13.0.1)
COMPILED	jetbrains@6be5821ad487 2024-01-30 13:19:45
 
		I/O Configuration: default
SIM_START	day7_final	2024-04-01 01:57:21
TIME	0.001
		Current random seed value = 1711904241
TIME	0.000
SIMULATE	day7_final

TIME	11.529
SIM_END		day7_final	11.526s	54.2778m
APPLICATION	CarMaker 13.0.1 - Car_Generic #5 (win64-13.0.1)
COMPILED	jetbrains@6be5821ad487 2024-01-30 13:19:45
 
		I/O Configuration: default
SIM_START	day7_final	2024-04-01 01:58:00
TIME	0.001
		Current random seed value = 1711904280
TIME	0.000
SIMULATE	day7_final

TIME	40.003
SIM_END		day7_final	40s	305.978m
APPLICATION	CarMaker 13.0.1 - Car_Generic #5 (win64-13.0.1)
COMPILED	jetbrains@6be5821ad487 2024-01-30 13:19:45
 
		I/O Configuration: default
SIM_START	day7_final	2024-04-01 02:00:55
TIME	0.001
		Current random seed value = 1711904455
TIME	0.000
SIMULATE	day7_final

TIME	92.970
SIM_END		day7_final	92.967s	982.972m
APPLICATION	CarMaker 13.0.1 - Car_Generic #5 (win64-13.0.1)
COMPILED	jetbrains@6be5821ad487 2024-01-30 13:19:45
 
		I/O Configuration: default
SIM_START	day7_final	2024-04-01 02:05:23
TIME	0.001
		Current random seed value = 1711904723
TIME	0.000
SIMULATE	day7_final

TIME	146.503
SIM_END		day7_final	146.5s	1795.28m
APPLICATION	CarMaker 13.0.1 - Car_Generic #5 (win64-13.0.1)
COMPILED	jetbrains@6be5821ad487 2024-01-30 13:19:45
 
		I/O Configuration: default
SIM_START	day7_final	2024-04-01 02:10:38
TIME	0.001
		Current random seed value = 1711905038
TIME	0.000
SIMULATE	day7_final

TIME	85.364
SIM_END		day7_final	85.361s	947.019m
APPLICATION	CarMaker 13.0.1 - Car_Generic #5 (win64-13.0.1)
COMPILED	jetbrains@6be5821ad487 2024-01-30 13:19:45
 
		I/O Configuration: default
SIM_START	day7_final	2024-04-01 02:13:27
TIME	0.001
		Current random seed value = 1711905207
TIME	0.000
SIMULATE	day7_final

TIME	28.353
SIM_END		day7_final	28.35s	175.009m
APPLICATION	CarMaker 13.0.1 - Car_Generic #5 (win64-13.0.1)
COMPILED	jetbrains@6be5821ad487 2024-01-30 13:19:45
 
		I/O Configuration: default
SIM_START	day7_final	2024-04-01 02:15:09
TIME	0.001
		Current random seed value = 1711905309
TIME	0.000
SIMULATE	day7_final

TIME	74.803
SIM_END		day7_final	74.8s	978.058m
APPLICATION	CarMaker 13.0.1 - Car_Generic #5 (win64-13.0.1)
COMPILED	jetbrains@6be5821ad487 2024-01-30 13:19:45
 
		I/O Configuration: default
SIM_START	day7_final	2024-04-01 02:28:58
TIME	0.001
		Current random seed value = 1711906138
TIME	0.000
SIMULATE	day7_final

TIME	32.253
SIM_END		day7_final	32.25s	223.15m
APPLICATION	CarMaker 13.0.1 - Car_Generic #5 (win64-13.0.1)
COMPILED	jetbrains@6be5821ad487 2024-01-30 13:19:45
 
		I/O Configuration: default
SIM_START	day7_final	2024-04-01 02:31:23
TIME	0.001
		Current random seed value = 1711906283
TIME	0.000
SIMULATE	day7_final

TIME	52.491
SIM_END		day7_final	52.488s	529.9m
APPLICATION	CarMaker 13.0.1 - Car_Generic #5 (win64-13.0.1)
COMPILED	jetbrains@6be5821ad487 2024-01-30 13:19:45
 
		I/O Configuration: default
SIM_START	day7_final	2024-04-01 02:34:54
TIME	0.001
		Current random seed value = 1711906494
TIME	0.000
SIMULATE	day7_final

TIME	94.853
SIM_END		day7_final	94.85s	1065.25m
APPLICATION	CarMaker 13.0.1 - Car_Generic #5 (win64-13.0.1)
COMPILED	jetbrains@6be5821ad487 2024-01-30 13:19:45
 
		I/O Configuration: default
SIM_START	day7_final	2024-04-01 02:41:25
TIME	0.001
		Current random seed value = 1711906885
TIME	0.000
SIMULATE	day7_final

TIME	48.053
SIM_END		day7_final	48.05s	445.431m
APPLICATION	CarMaker 13.0.1 - Car_Generic #5 (win64-13.0.1)
COMPILED	jetbrains@6be5821ad487 2024-01-30 13:19:45
 
		I/O Configuration: default
SIM_START	day7_final	2024-04-01 02:46:28
TIME	0.001
		Current random seed value = 1711907188
TIME	0.000
SIMULATE	day7_final

TIME	28.834
ERROR		Vehicle leaves road at about x=119.58, y=-61.9802 TireNo=0
SIM_ABORT	day7_final	28.837s	294.456m
