

SYSTEM_START	-	DESKTOP-AGMDB8M	DESKTOP-AGMDB8M	2024-04-01 03:09:12


SYSTEM_INFO	CarMaker 13.0.1 - Car_Generic #5	jetbrains@6be5821ad487 2024-01-30 13:19:45	(13.0.1 jetbrains@6be5821ad487 2024-01-30 13:11:23)
SIM	1711908553	DESKTOP-AGMDB8M	USER	day7_final	1	32.294	263.232


SYSTEM_START	-	DESKTOP-AGMDB8M	DESKTOP-AGMDB8M	2024-04-01 03:11:49


SYSTEM_INFO	CarMaker 13.0.1 - Car_Generic #5	jetbrains@6be5821ad487 2024-01-30 13:19:45	(13.0.1 jetbrains@6be5821ad487 2024-01-30 13:11:23)
SIM	1711908709	DESKTOP-AGMDB8M	USER	day7_final	1	42.006	407.471


SYSTEM_START	-	DESKTOP-AGMDB8M	DESKTOP-AGMDB8M	2024-04-01 03:13:02


SYSTEM_INFO	CarMaker 13.0.1 - Car_Generic #5	jetbrains@6be5821ad487 2024-01-30 13:19:45	(13.0.1 jetbrains@6be5821ad487 2024-01-30 13:11:23)
SIM	1711908782	DESKTOP-AGMDB8M	USER	day7_final	1	32.389	261.127


SYSTEM_START	-	DESKTOP-AGMDB8M	DESKTOP-AGMDB8M	2024-04-01 03:13:24


SYSTEM_INFO	CarMaker 13.0.1 - Car_Generic #5	jetbrains@6be5821ad487 2024-01-30 13:19:45	(13.0.1 jetbrains@6be5821ad487 2024-01-30 13:11:23)
SIM	1711908804	DESKTOP-AGMDB8M	USER	day7_final	1	32.481	265.296


SYSTEM_START	-	DESKTOP-AGMDB8M	DESKTOP-AGMDB8M	2024-04-01 03:14:30


SYSTEM_INFO	CarMaker 13.0.1 - Car_Generic #5	jetbrains@6be5821ad487 2024-01-30 13:19:45	(13.0.1 jetbrains@6be5821ad487 2024-01-30 13:11:23)
SIM	1711908870	DESKTOP-AGMDB8M	USER	day7_final	0	73.948	927.308


SYSTEM_START	-	DESKTOP-AGMDB8M	DESKTOP-AGMDB8M	2024-04-01 03:18:03


SYSTEM_INFO	CarMaker 13.0.1 - Car_Generic #5	jetbrains@6be5821ad487 2024-01-30 13:19:45	(13.0.1 jetbrains@6be5821ad487 2024-01-30 13:11:23)
SIM	1711909083	DESKTOP-AGMDB8M	USER	day7_final	0	103.9	1498.13


SYSTEM_START	-	DESKTOP-AGMDB8M	DESKTOP-AGMDB8M	2024-04-01 03:19:46


SYSTEM_INFO	CarMaker 13.0.1 - Car_Generic #5	jetbrains@6be5821ad487 2024-01-30 13:19:45	(13.0.1 jetbrains@6be5821ad487 2024-01-30 13:11:23)
SIM	1711909186	DESKTOP-AGMDB8M	USER	day7_final	0	273.65	3418.9


SYSTEM_START	-	DESKTOP-AGMDB8M	DESKTOP-AGMDB8M	2024-04-01 03:22:12


SYSTEM_INFO	CarMaker 13.0.1 - Car_Generic #5	jetbrains@6be5821ad487 2024-01-30 13:19:45	(13.0.1 jetbrains@6be5821ad487 2024-01-30 13:11:23)
SIM	1711909332	DESKTOP-AGMDB8M	USER	day7_final	1	27.708	272.488


SYSTEM_START	-	DESKTOP-AGMDB8M	DESKTOP-AGMDB8M	2024-04-01 03:22:45


SYSTEM_INFO	CarMaker 13.0.1 - Car_Generic #5	jetbrains@6be5821ad487 2024-01-30 13:19:45	(13.0.1 jetbrains@6be5821ad487 2024-01-30 13:11:23)
SIM	1711909365	DESKTOP-AGMDB8M	USER	day7_final	0	129.65	1627.08


SYSTEM_START	-	DESKTOP-AGMDB8M	DESKTOP-AGMDB8M	2024-04-01 03:24:40


SYSTEM_INFO	CarMaker 13.0.1 - Car_Generic #5	jetbrains@6be5821ad487 2024-01-30 13:19:45	(13.0.1 jetbrains@6be5821ad487 2024-01-30 13:11:23)
SIM	1711909480	DESKTOP-AGMDB8M	USER	day7_final	1	50.659	568.847


SYSTEM_START	-	DESKTOP-AGMDB8M	DESKTOP-AGMDB8M	2024-04-01 03:25:32


SYSTEM_INFO	CarMaker 13.0.1 - Car_Generic #5	jetbrains@6be5821ad487 2024-01-30 13:19:45	(13.0.1 jetbrains@6be5821ad487 2024-01-30 13:11:23)
SIM	1711909532	DESKTOP-AGMDB8M	USER	day7_final	0	89.25	993.787


SYSTEM_START	-	DESKTOP-AGMDB8M	DESKTOP-AGMDB8M	2024-04-01 03:26:34


SYSTEM_INFO	CarMaker 13.0.1 - Car_Generic #5	jetbrains@6be5821ad487 2024-01-30 13:19:45	(13.0.1 jetbrains@6be5821ad487 2024-01-30 13:11:23)
SIM	1711909594	DESKTOP-AGMDB8M	USER	day7_final	1	53.168	546.145


SYSTEM_START	-	DESKTOP-AGMDB8M	DESKTOP-AGMDB8M	2024-04-01 03:28:01


SYSTEM_INFO	CarMaker 13.0.1 - Car_Generic #5	jetbrains@6be5821ad487 2024-01-30 13:19:45	(13.0.1 jetbrains@6be5821ad487 2024-01-30 13:11:23)
SIM	1711909681	DESKTOP-AGMDB8M	USER	day7_final	1	53.197	607.841


SYSTEM_START	-	DESKTOP-AGMDB8M	DESKTOP-AGMDB8M	2024-04-01 03:33:35


SYSTEM_INFO	CarMaker 13.0.1 - Car_Generic #5	jetbrains@6be5821ad487 2024-01-30 13:19:45	(13.0.1 jetbrains@6be5821ad487 2024-01-30 13:11:23)
SIM	1711910015	DESKTOP-AGMDB8M	USER	day7_final	0	107.5	1620.54


SYSTEM_START	-	DESKTOP-AGMDB8M	DESKTOP-AGMDB8M	2024-04-01 03:40:47


SYSTEM_INFO	CarMaker 13.0.1 - Car_Generic #5	jetbrains@6be5821ad487 2024-01-30 13:19:45	(13.0.1 jetbrains@6be5821ad487 2024-01-30 13:11:23)
SIM	1711910447	DESKTOP-AGMDB8M	USER	day7_final	0	0	0


SYSTEM_START	-	DESKTOP-AGMDB8M	DESKTOP-AGMDB8M	2024-04-01 03:42:34


SYSTEM_INFO	CarMaker 13.0.1 - Car_Generic #5	jetbrains@6be5821ad487 2024-01-30 13:19:45	(13.0.1 jetbrains@6be5821ad487 2024-01-30 13:11:23)
SIM	1711910554	DESKTOP-AGMDB8M	USER	day7_final	1	18.719	167.657


SYSTEM_START	-	DESKTOP-AGMDB8M	DESKTOP-AGMDB8M	2024-04-01 03:43:05


SYSTEM_INFO	CarMaker 13.0.1 - Car_Generic #5	jetbrains@6be5821ad487 2024-01-30 13:19:45	(13.0.1 jetbrains@6be5821ad487 2024-01-30 13:11:23)
SIM	1711910585	DESKTOP-AGMDB8M	USER	day7_final	1	48.436	542.2


SYSTEM_START	-	DESKTOP-AGMDB8M	DESKTOP-AGMDB8M	2024-04-01 03:44:03


SYSTEM_INFO	CarMaker 13.0.1 - Car_Generic #5	jetbrains@6be5821ad487 2024-01-30 13:19:45	(13.0.1 jetbrains@6be5821ad487 2024-01-30 13:11:23)
SIM	1711910643	DESKTOP-AGMDB8M	USER	day7_final	1	27.402	267.542


SYSTEM_START	-	DESKTOP-AGMDB8M	DESKTOP-AGMDB8M	2024-04-01 03:44:47


SYSTEM_INFO	CarMaker 13.0.1 - Car_Generic #5	jetbrains@6be5821ad487 2024-01-30 13:19:45	(13.0.1 jetbrains@6be5821ad487 2024-01-30 13:11:23)
SIM	1711910687	DESKTOP-AGMDB8M	USER	day7_final	0	62.1	636.302


SYSTEM_START	-	DESKTOP-AGMDB8M	DESKTOP-AGMDB8M	2024-04-01 03:46:09


SYSTEM_INFO	CarMaker 13.0.1 - Car_Generic #5	jetbrains@6be5821ad487 2024-01-30 13:19:45	(13.0.1 jetbrains@6be5821ad487 2024-01-30 13:11:23)
SIM	1711910769	DESKTOP-AGMDB8M	USER	day7_final	0	2.6	10.2117


SYSTEM_START	-	DESKTOP-AGMDB8M	DESKTOP-AGMDB8M	2024-04-01 03:56:45


SYSTEM_INFO	CarMaker 13.0.1 - Car_Generic #5	jetbrains@6be5821ad487 2024-01-30 13:19:45	(13.0.1 jetbrains@6be5821ad487 2024-01-30 13:11:23)
SIM	1711911405	DESKTOP-AGMDB8M	USER	day7_final	0	0	0


SYSTEM_START	-	DESKTOP-AGMDB8M	DESKTOP-AGMDB8M	2024-04-01 04:05:12


SYSTEM_INFO	CarMaker 13.0.1 - Car_Generic #5	jetbrains@6be5821ad487 2024-01-30 13:19:45	(13.0.1 jetbrains@6be5821ad487 2024-01-30 13:11:23)
SIM	1711911913	DESKTOP-AGMDB8M	USER	day7_final	0	31.9	277.821


SYSTEM_START	-	DESKTOP-AGMDB8M	DESKTOP-AGMDB8M	2024-04-01 04:08:44


SYSTEM_INFO	CarMaker 13.0.1 - Car_Generic #5	jetbrains@6be5821ad487 2024-01-30 13:19:45	(13.0.1 jetbrains@6be5821ad487 2024-01-30 13:11:23)
SIM	1711912124	DESKTOP-AGMDB8M	USER	day7_final	0	16.65	149.357


SYSTEM_START	-	DESKTOP-AGMDB8M	DESKTOP-AGMDB8M	2024-04-01 04:09:16


SYSTEM_INFO	CarMaker 13.0.1 - Car_Generic #5	jetbrains@6be5821ad487 2024-01-30 13:19:45	(13.0.1 jetbrains@6be5821ad487 2024-01-30 13:11:23)
SIM	1711912156	DESKTOP-AGMDB8M	USER	day7_final	0	8.299	56.0304


SYSTEM_START	-	DESKTOP-AGMDB8M	DESKTOP-AGMDB8M	2024-04-01 04:23:06


SYSTEM_INFO	CarMaker 13.0.1 - Car_Generic #5	jetbrains@6be5821ad487 2024-01-30 13:19:45	(13.0.1 jetbrains@6be5821ad487 2024-01-30 13:11:23)
SIM	1711912986	DESKTOP-AGMDB8M	USER	day7_final	0	3.099	13.0765


SYSTEM_START	-	DESKTOP-AGMDB8M	DESKTOP-AGMDB8M	2024-04-01 04:25:19


SYSTEM_INFO	CarMaker 13.0.1 - Car_Generic #5	jetbrains@6be5821ad487 2024-01-30 13:19:45	(13.0.1 jetbrains@6be5821ad487 2024-01-30 13:11:23)
SIM	1711913119	DESKTOP-AGMDB8M	USER	day7_final	0	3.099	13.0765


SYSTEM_START	-	DESKTOP-AGMDB8M	DESKTOP-AGMDB8M	2024-04-01 04:26:50


SYSTEM_INFO	CarMaker 13.0.1 - Car_Generic #5	jetbrains@6be5821ad487 2024-01-30 13:19:45	(13.0.1 jetbrains@6be5821ad487 2024-01-30 13:11:23)
SIM	1711913210	DESKTOP-AGMDB8M	USER	day7_final	0	3.099	13.0765


SYSTEM_START	-	DESKTOP-AGMDB8M	DESKTOP-AGMDB8M	2024-04-01 04:28:08


SYSTEM_INFO	CarMaker 13.0.1 - Car_Generic #5	jetbrains@6be5821ad487 2024-01-30 13:19:45	(13.0.1 jetbrains@6be5821ad487 2024-01-30 13:11:23)
SIM	1711913288	DESKTOP-AGMDB8M	USER	day7_final	0	1.65	4.70836


SYSTEM_START	-	DESKTOP-AGMDB8M	DESKTOP-AGMDB8M	2024-04-01 04:28:34


SYSTEM_INFO	CarMaker 13.0.1 - Car_Generic #5	jetbrains@6be5821ad487 2024-01-30 13:19:45	(13.0.1 jetbrains@6be5821ad487 2024-01-30 13:11:23)
SIM	1711913314	DESKTOP-AGMDB8M	USER	day7_final	0	1.35	3.29171


SYSTEM_START	-	DESKTOP-AGMDB8M	DESKTOP-AGMDB8M	2024-04-01 04:29:07


SYSTEM_INFO	CarMaker 13.0.1 - Car_Generic #5	jetbrains@6be5821ad487 2024-01-30 13:19:45	(13.0.1 jetbrains@6be5821ad487 2024-01-30 13:11:23)
SIM	1711913347	DESKTOP-AGMDB8M	USER	day7_final	0	1.3	3.07335


SYSTEM_START	-	DESKTOP-AGMDB8M	DESKTOP-AGMDB8M	2024-04-01 04:30:55


SYSTEM_INFO	CarMaker 13.0.1 - Car_Generic #5	jetbrains@6be5821ad487 2024-01-30 13:19:45	(13.0.1 jetbrains@6be5821ad487 2024-01-30 13:11:23)
SIM	1711913455	DESKTOP-AGMDB8M	USER	day7_final	0	2.999	12.5406


SYSTEM_START	-	DESKTOP-AGMDB8M	DESKTOP-AGMDB8M	2024-04-01 04:32:52


SYSTEM_INFO	CarMaker 13.0.1 - Car_Generic #5	jetbrains@6be5821ad487 2024-01-30 13:19:45	(13.0.1 jetbrains@6be5821ad487 2024-01-30 13:11:23)
SIM	1711913572	DESKTOP-AGMDB8M	USER	day7_final	0	2.699	10.8291


SYSTEM_START	-	DESKTOP-AGMDB8M	DESKTOP-AGMDB8M	2024-04-01 04:33:55


SYSTEM_INFO	CarMaker 13.0.1 - Car_Generic #5	jetbrains@6be5821ad487 2024-01-30 13:19:45	(13.0.1 jetbrains@6be5821ad487 2024-01-30 13:11:23)
SIM	1711913635	DESKTOP-AGMDB8M	USER	day7_final	0	2.999	12.5406


SYSTEM_START	-	DESKTOP-AGMDB8M	DESKTOP-AGMDB8M	2024-04-01 04:35:05


SYSTEM_INFO	CarMaker 13.0.1 - Car_Generic #5	jetbrains@6be5821ad487 2024-01-30 13:19:45	(13.0.1 jetbrains@6be5821ad487 2024-01-30 13:11:23)
SIM	1711913705	DESKTOP-AGMDB8M	USER	day7_final	0	2.999	12.5406


SYSTEM_START	-	DESKTOP-AGMDB8M	DESKTOP-AGMDB8M	2024-04-01 04:35:48


SYSTEM_INFO	CarMaker 13.0.1 - Car_Generic #5	jetbrains@6be5821ad487 2024-01-30 13:19:45	(13.0.1 jetbrains@6be5821ad487 2024-01-30 13:11:23)
SIM	1711913748	DESKTOP-AGMDB8M	USER	day7_final	0	3.099	13.0765


SYSTEM_START	-	DESKTOP-AGMDB8M	DESKTOP-AGMDB8M	2024-04-01 04:41:28


SYSTEM_INFO	CarMaker 13.0.1 - Car_Generic #5	jetbrains@6be5821ad487 2024-01-30 13:19:45	(13.0.1 jetbrains@6be5821ad487 2024-01-30 13:11:23)
SIM	1711914088	DESKTOP-AGMDB8M	USER	day7_final	0	3.099	13.0765


SYSTEM_START	-	DESKTOP-AGMDB8M	DESKTOP-AGMDB8M	2024-04-01 04:43:25


SYSTEM_INFO	CarMaker 13.0.1 - Car_Generic #5	jetbrains@6be5821ad487 2024-01-30 13:19:45	(13.0.1 jetbrains@6be5821ad487 2024-01-30 13:11:23)
SIM	1711914205	DESKTOP-AGMDB8M	USER	day7_final	0	11.95	77.7877


SYSTEM_START	-	DESKTOP-AGMDB8M	DESKTOP-AGMDB8M	2024-04-01 04:45:52


SYSTEM_INFO	CarMaker 13.0.1 - Car_Generic #5	jetbrains@6be5821ad487 2024-01-30 13:19:45	(13.0.1 jetbrains@6be5821ad487 2024-01-30 13:11:23)
SIM	1711914352	DESKTOP-AGMDB8M	USER	day7_final	0	16.6	118.553


SYSTEM_START	-	DESKTOP-AGMDB8M	DESKTOP-AGMDB8M	2024-04-01 04:53:41


SYSTEM_INFO	CarMaker 13.0.1 - Car_Generic #5	jetbrains@6be5821ad487 2024-01-30 13:19:45	(13.0.1 jetbrains@6be5821ad487 2024-01-30 13:11:23)
SIM	1711914822	DESKTOP-AGMDB8M	USER	day7_final	0	22.95	215.355


SYSTEM_START	-	DESKTOP-AGMDB8M	DESKTOP-AGMDB8M	2024-04-01 04:56:36


SYSTEM_INFO	CarMaker 13.0.1 - Car_Generic #5	jetbrains@6be5821ad487 2024-01-30 13:19:45	(13.0.1 jetbrains@6be5821ad487 2024-01-30 13:11:23)
SIM	1711914997	DESKTOP-AGMDB8M	USER	day7_final	1	24.74	160.952


SYSTEM_START	-	DESKTOP-AGMDB8M	DESKTOP-AGMDB8M	2024-04-01 05:01:01


SYSTEM_INFO	CarMaker 13.0.1 - Car_Generic #5	jetbrains@6be5821ad487 2024-01-30 13:19:45	(13.0.1 jetbrains@6be5821ad487 2024-01-30 13:11:23)
SIM	1711915261	DESKTOP-AGMDB8M	USER	day7_final	1	22.768	184.838


SYSTEM_START	-	DESKTOP-AGMDB8M	DESKTOP-AGMDB8M	2024-04-01 05:05:20


SYSTEM_INFO	CarMaker 13.0.1 - Car_Generic #5	jetbrains@6be5821ad487 2024-01-30 13:19:45	(13.0.1 jetbrains@6be5821ad487 2024-01-30 13:11:23)
SIM	1711915520	DESKTOP-AGMDB8M	USER	day7_final	1	22.768	184.838


SYSTEM_START	-	DESKTOP-AGMDB8M	DESKTOP-AGMDB8M	2024-04-01 05:10:24


SYSTEM_INFO	CarMaker 13.0.1 - Car_Generic #5	jetbrains@6be5821ad487 2024-01-30 13:19:45	(13.0.1 jetbrains@6be5821ad487 2024-01-30 13:11:23)
SIM	1711915824	DESKTOP-AGMDB8M	USER	day7_final	1	22.768	184.838


SYSTEM_START	-	DESKTOP-AGMDB8M	DESKTOP-AGMDB8M	2024-04-01 05:11:12


SYSTEM_INFO	CarMaker 13.0.1 - Car_Generic #5	jetbrains@6be5821ad487 2024-01-30 13:19:45	(13.0.1 jetbrains@6be5821ad487 2024-01-30 13:11:23)
SIM	1711915872	DESKTOP-AGMDB8M	USER	day7_final	1	22.768	184.838


SYSTEM_START	-	DESKTOP-AGMDB8M	DESKTOP-AGMDB8M	2024-04-01 05:23:15


SYSTEM_INFO	CarMaker 13.0.1 - Car_Generic #5	jetbrains@6be5821ad487 2024-01-30 13:19:45	(13.0.1 jetbrains@6be5821ad487 2024-01-30 13:11:23)
SIM	1711916595	DESKTOP-AGMDB8M	USER	day7_final	1	25.348	164.166


SYSTEM_START	-	DESKTOP-AGMDB8M	DESKTOP-AGMDB8M	2024-04-01 05:35:23


SYSTEM_INFO	CarMaker 13.0.1 - Car_Generic #5	jetbrains@6be5821ad487 2024-01-30 13:19:45	(13.0.1 jetbrains@6be5821ad487 2024-01-30 13:11:23)
SIM	1711917323	DESKTOP-AGMDB8M	USER	day7_final	0	15.35	107.762


SYSTEM_START	-	DESKTOP-AGMDB8M	DESKTOP-AGMDB8M	2024-04-01 06:10:49


SYSTEM_INFO	CarMaker 13.0.1 - Car_Generic #5	jetbrains@6be5821ad487 2024-01-30 13:19:45	(13.0.1 jetbrains@6be5821ad487 2024-01-30 13:11:23)
SIM	1711919449	DESKTOP-AGMDB8M	USER	day7_final	0	0	0


SYSTEM_START	-	DESKTOP-AGMDB8M	DESKTOP-AGMDB8M	2024-04-01 06:15:19


SYSTEM_INFO	CarMaker 13.0.1 - Car_Generic #5	jetbrains@6be5821ad487 2024-01-30 13:19:45	(13.0.1 jetbrains@6be5821ad487 2024-01-30 13:11:23)
SIM	1711919720	DESKTOP-AGMDB8M	USER	day7_final	0	0	0


SYSTEM_START	-	DESKTOP-AGMDB8M	DESKTOP-AGMDB8M	2024-04-01 06:16:52


SYSTEM_INFO	CarMaker 13.0.1 - Car_Generic #5	jetbrains@6be5821ad487 2024-01-30 13:19:45	(13.0.1 jetbrains@6be5821ad487 2024-01-30 13:11:23)
SIM	1711919813	DESKTOP-AGMDB8M	USER	day7_final	0	0	0


SYSTEM_START	-	DESKTOP-AGMDB8M	DESKTOP-AGMDB8M	2024-04-01 06:18:17


SYSTEM_INFO	CarMaker 13.0.1 - Car_Generic #5	jetbrains@6be5821ad487 2024-01-30 13:19:45	(13.0.1 jetbrains@6be5821ad487 2024-01-30 13:11:23)
SIM	1711919897	DESKTOP-AGMDB8M	USER	day7_final	0	0	0


SYSTEM_START	-	DESKTOP-AGMDB8M	DESKTOP-AGMDB8M	2024-04-01 06:19:54


SYSTEM_INFO	CarMaker 13.0.1 - Car_Generic #5	jetbrains@6be5821ad487 2024-01-30 13:19:45	(13.0.1 jetbrains@6be5821ad487 2024-01-30 13:11:23)
SIM	1711919994	DESKTOP-AGMDB8M	USER	day7_final	0	0	0


SYSTEM_START	-	DESKTOP-AGMDB8M	DESKTOP-AGMDB8M	2024-04-01 09:31:17


SYSTEM_INFO	CarMaker 13.0.1 - Car_Generic #5	jetbrains@6be5821ad487 2024-01-30 13:19:45	(13.0.1 jetbrains@6be5821ad487 2024-01-30 13:11:23)
SIM	1711931478	DESKTOP-AGMDB8M	USER	day7_final_contest	0	0	0


SYSTEM_START	-	DESKTOP-AGMDB8M	DESKTOP-AGMDB8M	2024-04-01 09:31:38


SYSTEM_INFO	CarMaker 13.0.1 - Car_Generic #5	jetbrains@6be5821ad487 2024-01-30 13:19:45	(13.0.1 jetbrains@6be5821ad487 2024-01-30 13:11:23)
SIM	1711931498	DESKTOP-AGMDB8M	USER	day7_final_contest	0	0	0


SYSTEM_START	-	DESKTOP-AGMDB8M	DESKTOP-AGMDB8M	2024-04-01 09:33:06


SYSTEM_INFO	CarMaker 13.0.1 - Car_Generic #5	jetbrains@6be5821ad487 2024-01-30 13:19:45	(13.0.1 jetbrains@6be5821ad487 2024-01-30 13:11:23)
SIM	1711931586	DESKTOP-AGMDB8M	USER	day7_final_contest	1	17.051	88.7229


SYSTEM_START	-	DESKTOP-AGMDB8M	DESKTOP-AGMDB8M	2024-04-01 09:36:22


SYSTEM_INFO	CarMaker 13.0.1 - Car_Generic #5	jetbrains@6be5821ad487 2024-01-30 13:19:45	(13.0.1 jetbrains@6be5821ad487 2024-01-30 13:11:23)
SIM	1711931782	DESKTOP-AGMDB8M	USER	day7_final_contest	1	18.743	67.8278


SYSTEM_START	-	DESKTOP-AGMDB8M	DESKTOP-AGMDB8M	2024-04-01 09:41:08


SYSTEM_INFO	CarMaker 13.0.1 - Car_Generic #5	jetbrains@6be5821ad487 2024-01-30 13:19:45	(13.0.1 jetbrains@6be5821ad487 2024-01-30 13:11:23)
SIM	1711932069	DESKTOP-AGMDB8M	USER	day7_final_contest	0	11.75	33.6659


SYSTEM_START	-	DESKTOP-AGMDB8M	DESKTOP-AGMDB8M	2024-04-01 09:41:49


SYSTEM_INFO	CarMaker 13.0.1 - Car_Generic #5	jetbrains@6be5821ad487 2024-01-30 13:19:45	(13.0.1 jetbrains@6be5821ad487 2024-01-30 13:11:23)
SIM	1711932109	DESKTOP-AGMDB8M	USER	day7_final_contest	1	15.67	49.9686
