

SYSTEM_START	-	DESKTOP-AD6UL63	DESKTOP-AD6UL63	2024-03-31 14:59:10


SYSTEM_INFO	CarMaker 13.0.1 - Car_Generic #5	jetbrains@6be5821ad487 2024-01-30 13:19:45	(13.0.1 jetbrains@6be5821ad487 2024-01-30 13:11:23)
SIM	1711864751	DESKTOP-AD6UL63	kevin	day7_final	0	0	0


SYSTEM_START	-	DESKTOP-AD6UL63	DESKTOP-AD6UL63	2024-03-31 15:00:01


SYSTEM_INFO	CarMaker 13.0.1 - Car_Generic #5	jetbrains@6be5821ad487 2024-01-30 13:19:45	(13.0.1 jetbrains@6be5821ad487 2024-01-30 13:11:23)
SIM	1711864801	DESKTOP-AD6UL63	kevin	day7_final	0	0	0


SYSTEM_START	-	DESKTOP-AD6UL63	DESKTOP-AD6UL63	2024-03-31 15:00:37


SYSTEM_INFO	CarMaker 13.0.1 - Car_Generic #5	jetbrains@6be5821ad487 2024-01-30 13:19:45	(13.0.1 jetbrains@6be5821ad487 2024-01-30 13:11:23)
SIM	1711864837	DESKTOP-AD6UL63	kevin	day7_final	0	0	0


SYSTEM_START	-	DESKTOP-AD6UL63	DESKTOP-AD6UL63	2024-03-31 15:01:26


SYSTEM_INFO	CarMaker 13.0.1 - Car_Generic #5	jetbrains@6be5821ad487 2024-01-30 13:19:45	(13.0.1 jetbrains@6be5821ad487 2024-01-30 13:11:23)
SIM	1711864886	DESKTOP-AD6UL63	kevin	day7_final	0	0	0


SYSTEM_START	-	DESKTOP-AD6UL63	DESKTOP-AD6UL63	2024-03-31 15:02:02


SYSTEM_INFO	CarMaker 13.0.1 - Car_Generic #5	jetbrains@6be5821ad487 2024-01-30 13:19:45	(13.0.1 jetbrains@6be5821ad487 2024-01-30 13:11:23)
SIM	1711864922	DESKTOP-AD6UL63	kevin	day7_final	0	0	0


SYSTEM_START	-	DESKTOP-AD6UL63	DESKTOP-AD6UL63	2024-03-31 15:02:32


SYSTEM_INFO	CarMaker 13.0.1 - Car_Generic #5	jetbrains@6be5821ad487 2024-01-30 13:19:45	(13.0.1 jetbrains@6be5821ad487 2024-01-30 13:11:23)
SIM	1711864953	DESKTOP-AD6UL63	kevin	day7_final	0	0	0


SYSTEM_START	-	DESKTOP-AD6UL63	DESKTOP-AD6UL63	2024-03-31 15:03:18


SYSTEM_INFO	CarMaker 13.0.1 - Car_Generic #5	jetbrains@6be5821ad487 2024-01-30 13:19:45	(13.0.1 jetbrains@6be5821ad487 2024-01-30 13:11:23)
SIM	1711864998	DESKTOP-AD6UL63	kevin	day7_final	0	0	0


SYSTEM_START	-	DESKTOP-AD6UL63	DESKTOP-AD6UL63	2024-03-31 15:04:47


SYSTEM_INFO	CarMaker 13.0.1 - Car_Generic #5	jetbrains@6be5821ad487 2024-01-30 13:19:45	(13.0.1 jetbrains@6be5821ad487 2024-01-30 13:11:23)
SIM	1711865087	DESKTOP-AD6UL63	kevin	day7_final	0	0	0


SYSTEM_START	-	DESKTOP-AD6UL63	DESKTOP-AD6UL63	2024-03-31 15:07:02


SYSTEM_INFO	CarMaker 13.0.1 - Car_Generic #5	jetbrains@6be5821ad487 2024-01-30 13:19:45	(13.0.1 jetbrains@6be5821ad487 2024-01-30 13:11:23)
SIM	1711865222	DESKTOP-AD6UL63	kevin	day7_final	0	0	0


SYSTEM_START	-	DESKTOP-AD6UL63	DESKTOP-AD6UL63	2024-03-31 15:07:52


SYSTEM_INFO	CarMaker 13.0.1 - Car_Generic #5	jetbrains@6be5821ad487 2024-01-30 13:19:45	(13.0.1 jetbrains@6be5821ad487 2024-01-30 13:11:23)
SIM	1711865272	DESKTOP-AD6UL63	kevin	day7_final	0	0	0


SYSTEM_START	-	DESKTOP-AD6UL63	DESKTOP-AD6UL63	2024-03-31 15:09:04


SYSTEM_INFO	CarMaker 13.0.1 - Car_Generic #5	jetbrains@6be5821ad487 2024-01-30 13:19:45	(13.0.1 jetbrains@6be5821ad487 2024-01-30 13:11:23)
SIM	1711865344	DESKTOP-AD6UL63	kevin	day7_final	0	0	0


SYSTEM_START	-	DESKTOP-AD6UL63	DESKTOP-AD6UL63	2024-03-31 15:10:58


SYSTEM_INFO	CarMaker 13.0.1 - Car_Generic #5	jetbrains@6be5821ad487 2024-01-30 13:19:45	(13.0.1 jetbrains@6be5821ad487 2024-01-30 13:11:23)
SIM	1711865459	DESKTOP-AD6UL63	kevin	day7_final	0	0	0


SYSTEM_START	-	DESKTOP-AD6UL63	DESKTOP-AD6UL63	2024-03-31 15:11:32


SYSTEM_INFO	CarMaker 13.0.1 - Car_Generic #5	jetbrains@6be5821ad487 2024-01-30 13:19:45	(13.0.1 jetbrains@6be5821ad487 2024-01-30 13:11:23)
SIM	1711865492	DESKTOP-AD6UL63	kevin	day7_final	0	0	0


SYSTEM_START	-	DESKTOP-AD6UL63	DESKTOP-AD6UL63	2024-03-31 15:12:18


SYSTEM_INFO	CarMaker 13.0.1 - Car_Generic #5	jetbrains@6be5821ad487 2024-01-30 13:19:45	(13.0.1 jetbrains@6be5821ad487 2024-01-30 13:11:23)
SIM	1711865538	DESKTOP-AD6UL63	kevin	day7_final	0	0	0


SYSTEM_START	-	DESKTOP-AD6UL63	DESKTOP-AD6UL63	2024-03-31 15:13:39


SYSTEM_INFO	CarMaker 13.0.1 - Car_Generic #5	jetbrains@6be5821ad487 2024-01-30 13:19:45	(13.0.1 jetbrains@6be5821ad487 2024-01-30 13:11:23)
SIM	1711865619	DESKTOP-AD6UL63	kevin	day7_final	0	19.9	229.921


SYSTEM_START	-	DESKTOP-AD6UL63	DESKTOP-AD6UL63	2024-03-31 15:21:22


SYSTEM_INFO	CarMaker 13.0.1 - Car_Generic #5	jetbrains@6be5821ad487 2024-01-30 13:19:45	(13.0.1 jetbrains@6be5821ad487 2024-01-30 13:11:23)
SIM	1711866082	DESKTOP-AD6UL63	kevin	day7_final	0	20.7	242.63


SYSTEM_START	-	DESKTOP-AD6UL63	DESKTOP-AD6UL63	2024-03-31 15:24:11


SYSTEM_INFO	CarMaker 13.0.1 - Car_Generic #5	jetbrains@6be5821ad487 2024-01-30 13:19:45	(13.0.1 jetbrains@6be5821ad487 2024-01-30 13:11:23)
SIM	1711866251	DESKTOP-AD6UL63	kevin	day7_final	0	21.45	254.518


SYSTEM_START	-	DESKTOP-AD6UL63	DESKTOP-AD6UL63	2024-03-31 15:26:23


SYSTEM_INFO	CarMaker 13.0.1 - Car_Generic #5	jetbrains@6be5821ad487 2024-01-30 13:19:45	(13.0.1 jetbrains@6be5821ad487 2024-01-30 13:11:23)
SIM	1711866384	DESKTOP-AD6UL63	kevin	day7_final	0	22.45	270.243


SYSTEM_START	-	DESKTOP-AD6UL63	DESKTOP-AD6UL63	2024-03-31 15:29:11


SYSTEM_INFO	CarMaker 13.0.1 - Car_Generic #5	jetbrains@6be5821ad487 2024-01-30 13:19:45	(13.0.1 jetbrains@6be5821ad487 2024-01-30 13:11:23)
SIM	1711866551	DESKTOP-AD6UL63	kevin	day7_final	1	4.314	8.49817


SYSTEM_START	-	DESKTOP-AD6UL63	DESKTOP-AD6UL63	2024-03-31 15:30:05


SYSTEM_INFO	CarMaker 13.0.1 - Car_Generic #5	jetbrains@6be5821ad487 2024-01-30 13:19:45	(13.0.1 jetbrains@6be5821ad487 2024-01-30 13:11:23)
SIM	1711866605	DESKTOP-AD6UL63	kevin	day7_final	1	4.314	8.49817


SYSTEM_START	-	DESKTOP-AD6UL63	DESKTOP-AD6UL63	2024-03-31 15:32:49


SYSTEM_INFO	CarMaker 13.0.1 - Car_Generic #5	jetbrains@6be5821ad487 2024-01-30 13:19:45	(13.0.1 jetbrains@6be5821ad487 2024-01-30 13:11:23)
SIM	1711866769	DESKTOP-AD6UL63	kevin	day7_final	0	3.3	5.39971


SYSTEM_START	-	DESKTOP-AD6UL63	DESKTOP-AD6UL63	2024-03-31 15:34:50


SYSTEM_INFO	CarMaker 13.0.1 - Car_Generic #5	jetbrains@6be5821ad487 2024-01-30 13:19:45	(13.0.1 jetbrains@6be5821ad487 2024-01-30 13:11:23)
SIM	1711866890	DESKTOP-AD6UL63	kevin	day7_final	0	15.35	160.053


SYSTEM_START	-	DESKTOP-AD6UL63	DESKTOP-AD6UL63	2024-03-31 15:42:08


SYSTEM_INFO	CarMaker 13.0.1 - Car_Generic #5	jetbrains@6be5821ad487 2024-01-30 13:19:45	(13.0.1 jetbrains@6be5821ad487 2024-01-30 13:11:23)
SIM	1711867328	DESKTOP-AD6UL63	kevin	day7_final	0	32.899	126.627


SYSTEM_START	-	DESKTOP-AD6UL63	DESKTOP-AD6UL63	2024-03-31 15:43:17


SYSTEM_INFO	CarMaker 13.0.1 - Car_Generic #5	jetbrains@6be5821ad487 2024-01-30 13:19:45	(13.0.1 jetbrains@6be5821ad487 2024-01-30 13:11:23)
SIM	1711867397	DESKTOP-AD6UL63	kevin	day7_final	0	8.7	36.0021


SYSTEM_START	-	DESKTOP-AD6UL63	DESKTOP-AD6UL63	2024-03-31 15:49:21


SYSTEM_INFO	CarMaker 13.0.1 - Car_Generic #5	jetbrains@6be5821ad487 2024-01-30 13:19:45	(13.0.1 jetbrains@6be5821ad487 2024-01-30 13:11:23)
SIM	1711867761	DESKTOP-AD6UL63	kevin	day7_final	0	8.25	49.0177


SYSTEM_START	-	DESKTOP-AD6UL63	DESKTOP-AD6UL63	2024-03-31 15:50:15


SYSTEM_INFO	CarMaker 13.0.1 - Car_Generic #5	jetbrains@6be5821ad487 2024-01-30 13:19:45	(13.0.1 jetbrains@6be5821ad487 2024-01-30 13:11:23)
SIM	1711867816	DESKTOP-AD6UL63	kevin	day7_final	0	34.349	378.002


SYSTEM_START	-	DESKTOP-AD6UL63	DESKTOP-AD6UL63	2024-03-31 15:57:54


SYSTEM_INFO	CarMaker 13.0.1 - Car_Generic #5	jetbrains@6be5821ad487 2024-01-30 13:19:45	(13.0.1 jetbrains@6be5821ad487 2024-01-30 13:11:23)
SIM	1711868274	DESKTOP-AD6UL63	kevin	day7_final	0	34.999	388.077


SYSTEM_START	-	DESKTOP-AD6UL63	DESKTOP-AD6UL63	2024-03-31 16:03:08


SYSTEM_INFO	CarMaker 13.0.1 - Car_Generic #5	jetbrains@6be5821ad487 2024-01-30 13:19:45	(13.0.1 jetbrains@6be5821ad487 2024-01-30 13:11:23)
SIM	1711868588	DESKTOP-AD6UL63	kevin	day7_final	0	35.399	394.361


SYSTEM_START	-	DESKTOP-AD6UL63	DESKTOP-AD6UL63	2024-03-31 16:05:46


SYSTEM_INFO	CarMaker 13.0.1 - Car_Generic #5	jetbrains@6be5821ad487 2024-01-30 13:19:45	(13.0.1 jetbrains@6be5821ad487 2024-01-30 13:11:23)
SIM	1711868746	DESKTOP-AD6UL63	kevin	day7_final	0	82.95	865.113


SYSTEM_START	-	DESKTOP-AD6UL63	DESKTOP-AD6UL63	2024-03-31 16:15:46


SYSTEM_INFO	CarMaker 13.0.1 - Car_Generic #5	jetbrains@6be5821ad487 2024-01-30 13:19:45	(13.0.1 jetbrains@6be5821ad487 2024-01-30 13:11:23)
SIM	1711869346	DESKTOP-AD6UL63	kevin	day7_final	0	24.15	115.978


SYSTEM_START	-	DESKTOP-AD6UL63	DESKTOP-AD6UL63	2024-03-31 16:16:31


SYSTEM_INFO	CarMaker 13.0.1 - Car_Generic #5	jetbrains@6be5821ad487 2024-01-30 13:19:45	(13.0.1 jetbrains@6be5821ad487 2024-01-30 13:11:23)
SIM	1711869391	DESKTOP-AD6UL63	kevin	day7_final	0	23.285	283.169


SYSTEM_START	-	DESKTOP-AD6UL63	DESKTOP-AD6UL63	2024-03-31 16:17:59


SYSTEM_INFO	CarMaker 13.0.1 - Car_Generic #5	jetbrains@6be5821ad487 2024-01-30 13:19:45	(13.0.1 jetbrains@6be5821ad487 2024-01-30 13:11:23)
SIM	1711869479	DESKTOP-AD6UL63	kevin	day7_final	0	5.9	37.8535


SYSTEM_START	-	DESKTOP-AD6UL63	DESKTOP-AD6UL63	2024-03-31 16:18:30


SYSTEM_INFO	CarMaker 13.0.1 - Car_Generic #5	jetbrains@6be5821ad487 2024-01-30 13:19:45	(13.0.1 jetbrains@6be5821ad487 2024-01-30 13:11:23)
SIM	1711869511	DESKTOP-AD6UL63	kevin	day7_final	0	5.65	35.3899


SYSTEM_START	-	DESKTOP-AD6UL63	DESKTOP-AD6UL63	2024-03-31 16:19:49


SYSTEM_INFO	CarMaker 13.0.1 - Car_Generic #5	jetbrains@6be5821ad487 2024-01-30 13:19:45	(13.0.1 jetbrains@6be5821ad487 2024-01-30 13:11:23)
SIM	1711869590	DESKTOP-AD6UL63	kevin	day7_final	0	5.8	36.8617


SYSTEM_START	-	DESKTOP-AD6UL63	DESKTOP-AD6UL63	2024-03-31 16:20:09


SYSTEM_INFO	CarMaker 13.0.1 - Car_Generic #5	jetbrains@6be5821ad487 2024-01-30 13:19:45	(13.0.1 jetbrains@6be5821ad487 2024-01-30 13:11:23)
SIM	1711869610	DESKTOP-AD6UL63	kevin	day7_final	0	4.4	23.9055


SYSTEM_START	-	DESKTOP-AD6UL63	DESKTOP-AD6UL63	2024-03-31 16:22:35


SYSTEM_INFO	CarMaker 13.0.1 - Car_Generic #5	jetbrains@6be5821ad487 2024-01-30 13:19:45	(13.0.1 jetbrains@6be5821ad487 2024-01-30 13:11:23)
SIM	1711869756	DESKTOP-AD6UL63	kevin	day7_final	0	8.23	59.098


SYSTEM_START	-	DESKTOP-AD6UL63	DESKTOP-AD6UL63	2024-03-31 16:23:08


SYSTEM_INFO	CarMaker 13.0.1 - Car_Generic #5	jetbrains@6be5821ad487 2024-01-30 13:19:45	(13.0.1 jetbrains@6be5821ad487 2024-01-30 13:11:23)
SIM	1711869789	DESKTOP-AD6UL63	kevin	day7_final	0	7.57	52.3912


SYSTEM_START	-	DESKTOP-AD6UL63	DESKTOP-AD6UL63	2024-03-31 16:26:13


SYSTEM_INFO	CarMaker 13.0.1 - Car_Generic #5	jetbrains@6be5821ad487 2024-01-30 13:19:45	(13.0.1 jetbrains@6be5821ad487 2024-01-30 13:11:23)
SIM	1711869973	DESKTOP-AD6UL63	kevin	day7_final	1	9.985	59.6327


SYSTEM_START	-	DESKTOP-AD6UL63	DESKTOP-AD6UL63	2024-03-31 16:28:04


SYSTEM_INFO	CarMaker 13.0.1 - Car_Generic #5	jetbrains@6be5821ad487 2024-01-30 13:19:45	(13.0.1 jetbrains@6be5821ad487 2024-01-30 13:11:23)
SIM	1711870084	DESKTOP-AD6UL63	kevin	day7_final	0	10.7	75.8523


SYSTEM_START	-	DESKTOP-AD6UL63	DESKTOP-AD6UL63	2024-03-31 16:34:25


SYSTEM_INFO	CarMaker 13.0.1 - Car_Generic #5	jetbrains@6be5821ad487 2024-01-30 13:19:45	(13.0.1 jetbrains@6be5821ad487 2024-01-30 13:11:23)
SIM	1711870465	DESKTOP-AD6UL63	kevin	day7_final	0	11.55	84.6879


SYSTEM_START	-	DESKTOP-AD6UL63	DESKTOP-AD6UL63	2024-03-31 16:35:03


SYSTEM_INFO	CarMaker 13.0.1 - Car_Generic #5	jetbrains@6be5821ad487 2024-01-30 13:19:45	(13.0.1 jetbrains@6be5821ad487 2024-01-30 13:11:23)
SIM	1711870503	DESKTOP-AD6UL63	kevin	day7_final	1	7.896	44.3796


SYSTEM_START	-	DESKTOP-AD6UL63	DESKTOP-AD6UL63	2024-03-31 16:35:57


SYSTEM_INFO	CarMaker 13.0.1 - Car_Generic #5	jetbrains@6be5821ad487 2024-01-30 13:19:45	(13.0.1 jetbrains@6be5821ad487 2024-01-30 13:11:23)
SIM	1711870557	DESKTOP-AD6UL63	kevin	day7_final	1	7.896	44.3796


SYSTEM_START	-	DESKTOP-AD6UL63	DESKTOP-AD6UL63	2024-03-31 16:37:24


SYSTEM_INFO	CarMaker 13.0.1 - Car_Generic #5	jetbrains@6be5821ad487 2024-01-30 13:19:45	(13.0.1 jetbrains@6be5821ad487 2024-01-30 13:11:23)
SIM	1711870644	DESKTOP-AD6UL63	kevin	day7_final	1	7.896	44.3796


SYSTEM_START	-	DESKTOP-AD6UL63	DESKTOP-AD6UL63	2024-03-31 16:41:55


SYSTEM_INFO	CarMaker 13.0.1 - Car_Generic #5	jetbrains@6be5821ad487 2024-01-30 13:19:45	(13.0.1 jetbrains@6be5821ad487 2024-01-30 13:11:23)
SIM	1711870916	DESKTOP-AD6UL63	kevin	day7_final	0	31.45	300.011


SYSTEM_START	-	DESKTOP-AD6UL63	DESKTOP-AD6UL63	2024-03-31 16:43:13


SYSTEM_INFO	CarMaker 13.0.1 - Car_Generic #5	jetbrains@6be5821ad487 2024-01-30 13:19:45	(13.0.1 jetbrains@6be5821ad487 2024-01-30 13:11:23)
SIM	1711870993	DESKTOP-AD6UL63	kevin	day7_final	0	14.5	82.3614


SYSTEM_START	-	DESKTOP-AD6UL63	DESKTOP-AD6UL63	2024-03-31 16:43:57


SYSTEM_INFO	CarMaker 13.0.1 - Car_Generic #5	jetbrains@6be5821ad487 2024-01-30 13:19:45	(13.0.1 jetbrains@6be5821ad487 2024-01-30 13:11:23)
SIM	1711871038	DESKTOP-AD6UL63	kevin	day7_final	1	61.976	813.416


SYSTEM_START	-	DESKTOP-AD6UL63	DESKTOP-AD6UL63	2024-03-31 16:51:23


SYSTEM_INFO	CarMaker 13.0.1 - Car_Generic #5	jetbrains@6be5821ad487 2024-01-30 13:19:45	(13.0.1 jetbrains@6be5821ad487 2024-01-30 13:11:23)
SIM	1711871484	DESKTOP-AD6UL63	kevin	day7_final	0	13.9	71.1837


SYSTEM_START	-	DESKTOP-AD6UL63	DESKTOP-AD6UL63	2024-03-31 16:55:44


SYSTEM_INFO	CarMaker 13.0.1 - Car_Generic #5	jetbrains@6be5821ad487 2024-01-30 13:19:45	(13.0.1 jetbrains@6be5821ad487 2024-01-30 13:11:23)
SIM	1711871744	DESKTOP-AD6UL63	kevin	day7_final	0	18.15	197.95


SYSTEM_START	-	DESKTOP-AD6UL63	DESKTOP-AD6UL63	2024-03-31 16:56:29


SYSTEM_INFO	CarMaker 13.0.1 - Car_Generic #5	jetbrains@6be5821ad487 2024-01-30 13:19:45	(13.0.1 jetbrains@6be5821ad487 2024-01-30 13:11:23)
SIM	1711871790	DESKTOP-AD6UL63	kevin	day7_final	0	6.5	41.825


SYSTEM_START	-	DESKTOP-AD6UL63	DESKTOP-AD6UL63	2024-03-31 16:57:34


SYSTEM_INFO	CarMaker 13.0.1 - Car_Generic #5	jetbrains@6be5821ad487 2024-01-30 13:19:45	(13.0.1 jetbrains@6be5821ad487 2024-01-30 13:11:23)
SIM	1711871855	DESKTOP-AD6UL63	kevin	day7_final	0	8.8	66.8513


SYSTEM_START	-	DESKTOP-AD6UL63	DESKTOP-AD6UL63	2024-03-31 17:04:58


SYSTEM_INFO	CarMaker 13.0.1 - Car_Generic #5	jetbrains@6be5821ad487 2024-01-30 13:19:45	(13.0.1 jetbrains@6be5821ad487 2024-01-30 13:11:23)
SIM	1711872298	DESKTOP-AD6UL63	kevin	day7_final	0	7.05	45.8794


SYSTEM_START	-	DESKTOP-AD6UL63	DESKTOP-AD6UL63	2024-03-31 17:05:21


SYSTEM_INFO	CarMaker 13.0.1 - Car_Generic #5	jetbrains@6be5821ad487 2024-01-30 13:19:45	(13.0.1 jetbrains@6be5821ad487 2024-01-30 13:11:23)
SIM	1711872322	DESKTOP-AD6UL63	kevin	day7_final	0	10.3	83.0932


SYSTEM_START	-	DESKTOP-AD6UL63	DESKTOP-AD6UL63	2024-03-31 17:05:51


SYSTEM_INFO	CarMaker 13.0.1 - Car_Generic #5	jetbrains@6be5821ad487 2024-01-30 13:19:45	(13.0.1 jetbrains@6be5821ad487 2024-01-30 13:11:23)
SIM	1711872352	DESKTOP-AD6UL63	kevin	day7_final	0	12.05	86.6128


SYSTEM_START	-	DESKTOP-AD6UL63	DESKTOP-AD6UL63	2024-03-31 17:09:26


SYSTEM_INFO	CarMaker 13.0.1 - Car_Generic #5	jetbrains@6be5821ad487 2024-01-30 13:19:45	(13.0.1 jetbrains@6be5821ad487 2024-01-30 13:11:23)
SIM	1711872567	DESKTOP-AD6UL63	kevin	day7_final	0	57.85	854.868


SYSTEM_START	-	DESKTOP-AD6UL63	DESKTOP-AD6UL63	2024-03-31 17:12:07


SYSTEM_INFO	CarMaker 13.0.1 - Car_Generic #5	jetbrains@6be5821ad487 2024-01-30 13:19:45	(13.0.1 jetbrains@6be5821ad487 2024-01-30 13:11:23)
SIM	1711872727	DESKTOP-AD6UL63	kevin	day7_final	0	7.55	52.7808


SYSTEM_START	-	DESKTOP-AD6UL63	DESKTOP-AD6UL63	2024-03-31 17:15:43


SYSTEM_INFO	CarMaker 13.0.1 - Car_Generic #5	jetbrains@6be5821ad487 2024-01-30 13:19:45	(13.0.1 jetbrains@6be5821ad487 2024-01-30 13:11:23)
SIM	1711872943	DESKTOP-AD6UL63	kevin	day7_final	0	12.3	111.507


SYSTEM_START	-	DESKTOP-AD6UL63	DESKTOP-AD6UL63	2024-03-31 17:17:32


SYSTEM_INFO	CarMaker 13.0.1 - Car_Generic #5	jetbrains@6be5821ad487 2024-01-30 13:19:45	(13.0.1 jetbrains@6be5821ad487 2024-01-30 13:11:23)
SIM	1711873052	DESKTOP-AD6UL63	kevin	day7_final	0	20.2	138.357


SYSTEM_START	-	DESKTOP-AD6UL63	DESKTOP-AD6UL63	2024-03-31 17:18:11


SYSTEM_INFO	CarMaker 13.0.1 - Car_Generic #5	jetbrains@6be5821ad487 2024-01-30 13:19:45	(13.0.1 jetbrains@6be5821ad487 2024-01-30 13:11:23)
SIM	1711873091	DESKTOP-AD6UL63	kevin	day7_final	0	29.6	271.592


SYSTEM_START	-	DESKTOP-AD6UL63	DESKTOP-AD6UL63	2024-03-31 17:19:06


SYSTEM_INFO	CarMaker 13.0.1 - Car_Generic #5	jetbrains@6be5821ad487 2024-01-30 13:19:45	(13.0.1 jetbrains@6be5821ad487 2024-01-30 13:11:23)
SIM	1711873146	DESKTOP-AD6UL63	kevin	day7_final	1	8.562	35.4355


SYSTEM_START	-	DESKTOP-AD6UL63	DESKTOP-AD6UL63	2024-03-31 17:20:24


SYSTEM_INFO	CarMaker 13.0.1 - Car_Generic #5	jetbrains@6be5821ad487 2024-01-30 13:19:45	(13.0.1 jetbrains@6be5821ad487 2024-01-30 13:11:23)
SIM	1711873224	DESKTOP-AD6UL63	kevin	day7_final	0	17.65	68.267


SYSTEM_START	-	DESKTOP-AD6UL63	DESKTOP-AD6UL63	2024-03-31 17:21:03


SYSTEM_INFO	CarMaker 13.0.1 - Car_Generic #5	jetbrains@6be5821ad487 2024-01-30 13:19:45	(13.0.1 jetbrains@6be5821ad487 2024-01-30 13:11:23)
SIM	1711873263	DESKTOP-AD6UL63	kevin	day7_final	0	16.55	95.8357


SYSTEM_START	-	DESKTOP-AD6UL63	DESKTOP-AD6UL63	2024-03-31 17:24:04


SYSTEM_INFO	CarMaker 13.0.1 - Car_Generic #5	jetbrains@6be5821ad487 2024-01-30 13:19:45	(13.0.1 jetbrains@6be5821ad487 2024-01-30 13:11:23)
SIM	1711873444	DESKTOP-AD6UL63	kevin	day7_final	0	23.05	176.242


SYSTEM_START	-	DESKTOP-AD6UL63	DESKTOP-AD6UL63	2024-03-31 17:24:46


SYSTEM_INFO	CarMaker 13.0.1 - Car_Generic #5	jetbrains@6be5821ad487 2024-01-30 13:19:45	(13.0.1 jetbrains@6be5821ad487 2024-01-30 13:11:23)
SIM	1711873486	DESKTOP-AD6UL63	kevin	day7_final	0	19.8	133.348


SYSTEM_START	-	DESKTOP-AD6UL63	DESKTOP-AD6UL63	2024-03-31 17:43:04


SYSTEM_INFO	CarMaker 13.0.1 - Car_Generic #5	jetbrains@6be5821ad487 2024-01-30 13:19:45	(13.0.1 jetbrains@6be5821ad487 2024-01-30 13:11:23)
SIM	1711874585	DESKTOP-AD6UL63	kevin	day7_final	0	148.1	2222.09


SYSTEM_START	-	DESKTOP-AD6UL63	DESKTOP-AD6UL63	2024-03-31 18:37:56


SYSTEM_INFO	CarMaker 13.0.1 - Car_Generic #5	jetbrains@6be5821ad487 2024-01-30 13:19:45	(13.0.1 jetbrains@6be5821ad487 2024-01-30 13:11:23)
SIM	1711877876	DESKTOP-AD6UL63	kevin	day7_final	0	13.45	59.6187


SYSTEM_START	-	DESKTOP-AD6UL63	DESKTOP-AD6UL63	2024-03-31 18:38:29


SYSTEM_INFO	CarMaker 13.0.1 - Car_Generic #5	jetbrains@6be5821ad487 2024-01-30 13:19:45	(13.0.1 jetbrains@6be5821ad487 2024-01-30 13:11:23)
SIM	1711877909	DESKTOP-AD6UL63	kevin	day7_final	0	6.449	31.1271


SYSTEM_START	-	DESKTOP-AD6UL63	DESKTOP-AD6UL63	2024-03-31 18:39:30


SYSTEM_INFO	CarMaker 13.0.1 - Car_Generic #5	jetbrains@6be5821ad487 2024-01-30 13:19:45	(13.0.1 jetbrains@6be5821ad487 2024-01-30 13:11:23)
SIM	1711877970	DESKTOP-AD6UL63	kevin	day7_final	0	1.55	4.20622


SYSTEM_START	-	DESKTOP-AD6UL63	DESKTOP-AD6UL63	2024-03-31 18:39:58


SYSTEM_INFO	CarMaker 13.0.1 - Car_Generic #5	jetbrains@6be5821ad487 2024-01-30 13:19:45	(13.0.1 jetbrains@6be5821ad487 2024-01-30 13:11:23)
SIM	1711877999	DESKTOP-AD6UL63	kevin	day7_final	1	7.739	36.624


SYSTEM_START	-	DESKTOP-AD6UL63	DESKTOP-AD6UL63	2024-03-31 18:40:36


SYSTEM_INFO	CarMaker 13.0.1 - Car_Generic #5	jetbrains@6be5821ad487 2024-01-30 13:19:45	(13.0.1 jetbrains@6be5821ad487 2024-01-30 13:11:23)
SIM	1711878036	DESKTOP-AD6UL63	kevin	day7_final	0	15.5	66.4368


SYSTEM_START	-	DESKTOP-AD6UL63	DESKTOP-AD6UL63	2024-03-31 18:41:52


SYSTEM_INFO	CarMaker 13.0.1 - Car_Generic #5	jetbrains@6be5821ad487 2024-01-30 13:19:45	(13.0.1 jetbrains@6be5821ad487 2024-01-30 13:11:23)
SIM	1711878112	DESKTOP-AD6UL63	kevin	day7_final	0	62.9	718.364


SYSTEM_START	-	DESKTOP-AD6UL63	DESKTOP-AD6UL63	2024-03-31 18:52:16


SYSTEM_INFO	CarMaker 13.0.1 - Car_Generic #5	jetbrains@6be5821ad487 2024-01-30 13:19:45	(13.0.1 jetbrains@6be5821ad487 2024-01-30 13:11:23)
SIM	1711878737	DESKTOP-AD6UL63	kevin	day7_final	0	17.699	159.925


SYSTEM_START	-	DESKTOP-AD6UL63	DESKTOP-AD6UL63	2024-03-31 19:02:03


SYSTEM_INFO	CarMaker 13.0.1 - Car_Generic #5	jetbrains@6be5821ad487 2024-01-30 13:19:45	(13.0.1 jetbrains@6be5821ad487 2024-01-30 13:11:23)
SIM	1711879323	DESKTOP-AD6UL63	kevin	day7_final	1	14.049	124.558


SYSTEM_START	-	DESKTOP-AD6UL63	DESKTOP-AD6UL63	2024-03-31 19:04:07


SYSTEM_INFO	CarMaker 13.0.1 - Car_Generic #5	jetbrains@6be5821ad487 2024-01-30 13:19:45	(13.0.1 jetbrains@6be5821ad487 2024-01-30 13:11:23)
SIM	1711879447	DESKTOP-AD6UL63	kevin	day7_final	0	9.55	73.4106


SYSTEM_START	-	DESKTOP-AD6UL63	DESKTOP-AD6UL63	2024-03-31 19:15:31


SYSTEM_INFO	CarMaker 13.0.1 - Car_Generic #5	jetbrains@6be5821ad487 2024-01-30 13:19:45	(13.0.1 jetbrains@6be5821ad487 2024-01-30 13:11:23)
SIM	1711880131	DESKTOP-AD6UL63	kevin	day7_final	0	8.75	64.0138


SYSTEM_START	-	DESKTOP-AD6UL63	DESKTOP-AD6UL63	2024-03-31 19:16:18


SYSTEM_INFO	CarMaker 13.0.1 - Car_Generic #5	jetbrains@6be5821ad487 2024-01-30 13:19:45	(13.0.1 jetbrains@6be5821ad487 2024-01-30 13:11:23)
SIM	1711880178	DESKTOP-AD6UL63	kevin	day7_final	0	15.9	160.115


SYSTEM_START	-	DESKTOP-AD6UL63	DESKTOP-AD6UL63	2024-03-31 19:20:28


SYSTEM_INFO	CarMaker 13.0.1 - Car_Generic #5	jetbrains@6be5821ad487 2024-01-30 13:19:45	(13.0.1 jetbrains@6be5821ad487 2024-01-30 13:11:23)
SIM	1711880428	DESKTOP-AD6UL63	kevin	day7_final	0	13.4	110.81


SYSTEM_START	-	DESKTOP-AD6UL63	DESKTOP-AD6UL63	2024-03-31 19:31:12


SYSTEM_INFO	CarMaker 13.0.1 - Car_Generic #5	jetbrains@6be5821ad487 2024-01-30 13:19:45	(13.0.1 jetbrains@6be5821ad487 2024-01-30 13:11:23)
SIM	1711881072	DESKTOP-AD6UL63	kevin	day7_final	0	8.05	55.1822


SYSTEM_START	-	DESKTOP-AD6UL63	DESKTOP-AD6UL63	2024-03-31 19:32:10


SYSTEM_INFO	CarMaker 13.0.1 - Car_Generic #5	jetbrains@6be5821ad487 2024-01-30 13:19:45	(13.0.1 jetbrains@6be5821ad487 2024-01-30 13:11:23)
SIM	1711881131	DESKTOP-AD6UL63	kevin	day7_final	0	64.95	945.118


SYSTEM_START	-	DESKTOP-AD6UL63	DESKTOP-AD6UL63	2024-03-31 19:39:57


SYSTEM_INFO	CarMaker 13.0.1 - Car_Generic #5	jetbrains@6be5821ad487 2024-01-30 13:19:45	(13.0.1 jetbrains@6be5821ad487 2024-01-30 13:11:23)
SIM	1711881597	DESKTOP-AD6UL63	kevin	day7_final	0	59.35	855.926


SYSTEM_START	-	DESKTOP-AD6UL63	DESKTOP-AD6UL63	2024-03-31 19:49:13


SYSTEM_INFO	CarMaker 13.0.1 - Car_Generic #5	jetbrains@6be5821ad487 2024-01-30 13:19:45	(13.0.1 jetbrains@6be5821ad487 2024-01-30 13:11:23)
SIM	1711882154	DESKTOP-AD6UL63	kevin	day7_final	0	5.7	35.0913


SYSTEM_START	-	DESKTOP-AD6UL63	DESKTOP-AD6UL63	2024-03-31 19:52:06


SYSTEM_INFO	CarMaker 13.0.1 - Car_Generic #5	jetbrains@6be5821ad487 2024-01-30 13:19:45	(13.0.1 jetbrains@6be5821ad487 2024-01-30 13:11:23)
SIM	1711882327	DESKTOP-AD6UL63	kevin	day7_final	0	7.5	49.6327


SYSTEM_START	-	DESKTOP-AD6UL63	DESKTOP-AD6UL63	2024-03-31 19:53:37


SYSTEM_INFO	CarMaker 13.0.1 - Car_Generic #5	jetbrains@6be5821ad487 2024-01-30 13:19:45	(13.0.1 jetbrains@6be5821ad487 2024-01-30 13:11:23)
SIM	1711882417	DESKTOP-AD6UL63	kevin	day7_final	0	14.9	103.817


SYSTEM_START	-	DESKTOP-AD6UL63	DESKTOP-AD6UL63	2024-03-31 19:56:24


SYSTEM_INFO	CarMaker 13.0.1 - Car_Generic #5	jetbrains@6be5821ad487 2024-01-30 13:19:45	(13.0.1 jetbrains@6be5821ad487 2024-01-30 13:11:23)
SIM	1711882584	DESKTOP-AD6UL63	kevin	day7_final	0	13.599	132.331


SYSTEM_START	-	DESKTOP-AD6UL63	DESKTOP-AD6UL63	2024-03-31 20:01:32


SYSTEM_INFO	CarMaker 13.0.1 - Car_Generic #5	jetbrains@6be5821ad487 2024-01-30 13:19:45	(13.0.1 jetbrains@6be5821ad487 2024-01-30 13:11:23)
SIM	1711882892	DESKTOP-AD6UL63	kevin	day7_final	0	8.55	47.635


SYSTEM_START	-	DESKTOP-AD6UL63	DESKTOP-AD6UL63	2024-03-31 20:03:16


SYSTEM_INFO	CarMaker 13.0.1 - Car_Generic #5	jetbrains@6be5821ad487 2024-01-30 13:19:45	(13.0.1 jetbrains@6be5821ad487 2024-01-30 13:11:23)
SIM	1711882996	DESKTOP-AD6UL63	kevin	day7_final	0	1.95	6.18742


SYSTEM_START	-	DESKTOP-AD6UL63	DESKTOP-AD6UL63	2024-03-31 20:05:05


SYSTEM_INFO	CarMaker 13.0.1 - Car_Generic #5	jetbrains@6be5821ad487 2024-01-30 13:19:45	(13.0.1 jetbrains@6be5821ad487 2024-01-30 13:11:23)
SIM	1711883105	DESKTOP-AD6UL63	kevin	day7_final	0	11.35	79.0204


SYSTEM_START	-	DESKTOP-AD6UL63	DESKTOP-AD6UL63	2024-03-31 20:08:51


SYSTEM_INFO	CarMaker 13.0.1 - Car_Generic #5	jetbrains@6be5821ad487 2024-01-30 13:19:45	(13.0.1 jetbrains@6be5821ad487 2024-01-30 13:11:23)
SIM	1711883331	DESKTOP-AD6UL63	kevin	day7_final	1	6.458	42.8568


SYSTEM_START	-	DESKTOP-AD6UL63	DESKTOP-AD6UL63	2024-03-31 20:14:08


SYSTEM_INFO	CarMaker 13.0.1 - Car_Generic #5	jetbrains@6be5821ad487 2024-01-30 13:19:45	(13.0.1 jetbrains@6be5821ad487 2024-01-30 13:11:23)
SIM	1711883648	DESKTOP-AD6UL63	kevin	day7_final	0	11.3	85.8308


SYSTEM_START	-	DESKTOP-AD6UL63	DESKTOP-AD6UL63	2024-03-31 20:17:01


SYSTEM_INFO	CarMaker 13.0.1 - Car_Generic #5	jetbrains@6be5821ad487 2024-01-30 13:19:45	(13.0.1 jetbrains@6be5821ad487 2024-01-30 13:11:23)
SIM	1711883822	DESKTOP-AD6UL63	kevin	day7_final	0	6.9	45.501


SYSTEM_START	-	DESKTOP-AD6UL63	DESKTOP-AD6UL63	2024-03-31 20:18:33


SYSTEM_INFO	CarMaker 13.0.1 - Car_Generic #5	jetbrains@6be5821ad487 2024-01-30 13:19:45	(13.0.1 jetbrains@6be5821ad487 2024-01-30 13:11:23)
SIM	1711883913	DESKTOP-AD6UL63	kevin	day7_final	0	0	0


SYSTEM_START	-	DESKTOP-AD6UL63	DESKTOP-AD6UL63	2024-03-31 20:22:10


SYSTEM_INFO	CarMaker 13.0.1 - Car_Generic #5	jetbrains@6be5821ad487 2024-01-30 13:19:45	(13.0.1 jetbrains@6be5821ad487 2024-01-30 13:11:23)
SIM	1711884130	DESKTOP-AD6UL63	kevin	day7_final	0	206.707	3262.79


SYSTEM_START	-	DESKTOP-AD6UL63	DESKTOP-AD6UL63	2024-03-31 20:25:20


SYSTEM_INFO	CarMaker 13.0.1 - Car_Generic #5	jetbrains@6be5821ad487 2024-01-30 13:19:45	(13.0.1 jetbrains@6be5821ad487 2024-01-30 13:11:23)
SIM	1711884321	DESKTOP-AD6UL63	kevin	day7_final	1	6.54	43.6078


SYSTEM_START	-	DESKTOP-AD6UL63	DESKTOP-AD6UL63	2024-03-31 20:26:17


SYSTEM_INFO	CarMaker 13.0.1 - Car_Generic #5	jetbrains@6be5821ad487 2024-01-30 13:19:45	(13.0.1 jetbrains@6be5821ad487 2024-01-30 13:11:23)
SIM	1711884377	DESKTOP-AD6UL63	kevin	day7_final	1	6.458	42.8568


SYSTEM_START	-	DESKTOP-AD6UL63	DESKTOP-AD6UL63	2024-03-31 20:27:44


SYSTEM_INFO	CarMaker 13.0.1 - Car_Generic #5	jetbrains@6be5821ad487 2024-01-30 13:19:45	(13.0.1 jetbrains@6be5821ad487 2024-01-30 13:11:23)
SIM	1711884464	DESKTOP-AD6UL63	kevin	day7_final	1	6.458	42.8568


SYSTEM_START	-	DESKTOP-AD6UL63	DESKTOP-AD6UL63	2024-03-31 20:28:23


SYSTEM_INFO	CarMaker 13.0.1 - Car_Generic #5	jetbrains@6be5821ad487 2024-01-30 13:19:45	(13.0.1 jetbrains@6be5821ad487 2024-01-30 13:11:23)
SIM	1711884503	DESKTOP-AD6UL63	kevin	day7_final	1	6.458	42.8568


SYSTEM_START	-	DESKTOP-AD6UL63	DESKTOP-AD6UL63	2024-03-31 20:32:50


SYSTEM_INFO	CarMaker 13.0.1 - Car_Generic #5	jetbrains@6be5821ad487 2024-01-30 13:19:45	(13.0.1 jetbrains@6be5821ad487 2024-01-30 13:11:23)
SIM	1711884770	DESKTOP-AD6UL63	kevin	day7_final	0	10.95	84.1365


SYSTEM_START	-	DESKTOP-AD6UL63	DESKTOP-AD6UL63	2024-03-31 20:34:21


SYSTEM_INFO	CarMaker 13.0.1 - Car_Generic #5	jetbrains@6be5821ad487 2024-01-30 13:19:45	(13.0.1 jetbrains@6be5821ad487 2024-01-30 13:11:23)
SIM	1711884861	DESKTOP-AD6UL63	kevin	day7_final	0	70.35	1017.79


SYSTEM_START	-	DESKTOP-AD6UL63	DESKTOP-AD6UL63	2024-03-31 20:37:20


SYSTEM_INFO	CarMaker 13.0.1 - Car_Generic #5	jetbrains@6be5821ad487 2024-01-30 13:19:45	(13.0.1 jetbrains@6be5821ad487 2024-01-30 13:11:23)
SIM	1711885040	DESKTOP-AD6UL63	kevin	day7_final	0	87.35	1315.62


SYSTEM_START	-	DESKTOP-AD6UL63	DESKTOP-AD6UL63	2024-03-31 20:39:43


SYSTEM_INFO	CarMaker 13.0.1 - Car_Generic #5	jetbrains@6be5821ad487 2024-01-30 13:19:45	(13.0.1 jetbrains@6be5821ad487 2024-01-30 13:11:23)
SIM	1711885183	DESKTOP-AD6UL63	kevin	day7_final	0	124.05	1885.04


SYSTEM_START	-	DESKTOP-AD6UL63	DESKTOP-AD6UL63	2024-03-31 20:42:59


SYSTEM_INFO	CarMaker 13.0.1 - Car_Generic #5	jetbrains@6be5821ad487 2024-01-30 13:19:45	(13.0.1 jetbrains@6be5821ad487 2024-01-30 13:11:23)
SIM	1711885379	DESKTOP-AD6UL63	kevin	day7_final	0	88.201	1326.05


SYSTEM_START	-	DESKTOP-AD6UL63	DESKTOP-AD6UL63	2024-03-31 20:45:21


SYSTEM_INFO	CarMaker 13.0.1 - Car_Generic #5	jetbrains@6be5821ad487 2024-01-30 13:19:45	(13.0.1 jetbrains@6be5821ad487 2024-01-30 13:11:23)
SIM	1711885522	DESKTOP-AD6UL63	kevin	day7_final	0	79.518	1162.36


SYSTEM_START	-	DESKTOP-AD6UL63	DESKTOP-AD6UL63	2024-03-31 20:48:15


SYSTEM_INFO	CarMaker 13.0.1 - Car_Generic #5	jetbrains@6be5821ad487 2024-01-30 13:19:45	(13.0.1 jetbrains@6be5821ad487 2024-01-30 13:11:23)
SIM	1711885695	DESKTOP-AD6UL63	kevin	day7_final	0	136.486	1956.11


SYSTEM_START	-	DESKTOP-AD6UL63	DESKTOP-AD6UL63	2024-03-31 21:12:54


SYSTEM_INFO	CarMaker 13.0.1 - Car_Generic #5	jetbrains@6be5821ad487 2024-01-30 13:19:45	(13.0.1 jetbrains@6be5821ad487 2024-01-30 13:11:23)
SIM	1711887175	DESKTOP-AD6UL63	kevin	day7_final	0	24.199	245.836


SYSTEM_START	-	DESKTOP-AD6UL63	DESKTOP-AD6UL63	2024-03-31 21:28:23


SYSTEM_INFO	CarMaker 13.0.1 - Car_Generic #5	jetbrains@6be5821ad487 2024-01-30 13:19:45	(13.0.1 jetbrains@6be5821ad487 2024-01-30 13:11:23)
SIM	1711888104	DESKTOP-AD6UL63	kevin	day7_final	0	21.949	232.535


SYSTEM_START	-	DESKTOP-AD6UL63	DESKTOP-AD6UL63	2024-03-31 21:33:22


SYSTEM_INFO	CarMaker 13.0.1 - Car_Generic #5	jetbrains@6be5821ad487 2024-01-30 13:19:45	(13.0.1 jetbrains@6be5821ad487 2024-01-30 13:11:23)
SIM	1711888402	DESKTOP-AD6UL63	kevin	day7_final	0	19.999	225.065


SYSTEM_START	-	DESKTOP-AD6UL63	DESKTOP-AD6UL63	2024-03-31 21:37:34


SYSTEM_INFO	CarMaker 13.0.1 - Car_Generic #5	jetbrains@6be5821ad487 2024-01-30 13:19:45	(13.0.1 jetbrains@6be5821ad487 2024-01-30 13:11:23)
SIM	1711888654	DESKTOP-AD6UL63	kevin	day7_final	0	105.7	1627.94


SYSTEM_START	-	DESKTOP-AD6UL63	DESKTOP-AD6UL63	2024-03-31 21:41:12


SYSTEM_INFO	CarMaker 13.0.1 - Car_Generic #5	jetbrains@6be5821ad487 2024-01-30 13:19:45	(13.0.1 jetbrains@6be5821ad487 2024-01-30 13:11:23)
SIM	1711888872	DESKTOP-AD6UL63	kevin	day7_final	1	3.298	7.45164


SYSTEM_START	-	DESKTOP-AD6UL63	DESKTOP-AD6UL63	2024-03-31 21:41:52


SYSTEM_INFO	CarMaker 13.0.1 - Car_Generic #5	jetbrains@6be5821ad487 2024-01-30 13:19:45	(13.0.1 jetbrains@6be5821ad487 2024-01-30 13:11:23)
SIM	1711888912	DESKTOP-AD6UL63	kevin	day7_final	1	3.298	7.45164


SYSTEM_START	-	DESKTOP-AD6UL63	DESKTOP-AD6UL63	2024-03-31 21:43:10


SYSTEM_INFO	CarMaker 13.0.1 - Car_Generic #5	jetbrains@6be5821ad487 2024-01-30 13:19:45	(13.0.1 jetbrains@6be5821ad487 2024-01-30 13:11:23)
SIM	1711888991	DESKTOP-AD6UL63	kevin	day7_final	0	16.8	152.585


SYSTEM_START	-	DESKTOP-AD6UL63	DESKTOP-AD6UL63	2024-03-31 21:44:04


SYSTEM_INFO	CarMaker 13.0.1 - Car_Generic #5	jetbrains@6be5821ad487 2024-01-30 13:19:45	(13.0.1 jetbrains@6be5821ad487 2024-01-30 13:11:23)
SIM	1711889044	DESKTOP-AD6UL63	kevin	day7_final	0	52.1	719.364


SYSTEM_START	-	DESKTOP-AD6UL63	DESKTOP-AD6UL63	2024-03-31 21:44:55


SYSTEM_INFO	CarMaker 13.0.1 - Car_Generic #5	jetbrains@6be5821ad487 2024-01-30 13:19:45	(13.0.1 jetbrains@6be5821ad487 2024-01-30 13:11:23)
SIM	1711889095	DESKTOP-AD6UL63	kevin	day7_final	0	16.538	149.512


SYSTEM_START	-	DESKTOP-AD6UL63	DESKTOP-AD6UL63	2024-03-31 21:46:11


SYSTEM_INFO	CarMaker 13.0.1 - Car_Generic #5	jetbrains@6be5821ad487 2024-01-30 13:19:45	(13.0.1 jetbrains@6be5821ad487 2024-01-30 13:11:23)
SIM	1711889171	DESKTOP-AD6UL63	kevin	day7_final	0	41.699	396.589


SYSTEM_START	-	DESKTOP-AD6UL63	DESKTOP-AD6UL63	2024-03-31 21:47:51


SYSTEM_INFO	CarMaker 13.0.1 - Car_Generic #5	jetbrains@6be5821ad487 2024-01-30 13:19:45	(13.0.1 jetbrains@6be5821ad487 2024-01-30 13:11:23)
SIM	1711889271	DESKTOP-AD6UL63	kevin	day7_final	0	118.35	1684.14


SYSTEM_START	-	DESKTOP-AD6UL63	DESKTOP-AD6UL63	2024-03-31 21:53:50


SYSTEM_INFO	CarMaker 13.0.1 - Car_Generic #5	jetbrains@6be5821ad487 2024-01-30 13:19:45	(13.0.1 jetbrains@6be5821ad487 2024-01-30 13:11:23)
SIM	1711889630	DESKTOP-AD6UL63	kevin	day7_final	0	67.8	816.337


SYSTEM_START	-	DESKTOP-AD6UL63	DESKTOP-AD6UL63	2024-03-31 21:56:58


SYSTEM_INFO	CarMaker 13.0.1 - Car_Generic #5	jetbrains@6be5821ad487 2024-01-30 13:19:45	(13.0.1 jetbrains@6be5821ad487 2024-01-30 13:11:23)
SIM	1711889819	DESKTOP-AD6UL63	kevin	day7_final	0	75.85	1029.26


SYSTEM_START	-	DESKTOP-AD6UL63	DESKTOP-AD6UL63	2024-03-31 22:02:59


SYSTEM_INFO	CarMaker 13.0.1 - Car_Generic #5	jetbrains@6be5821ad487 2024-01-30 13:19:45	(13.0.1 jetbrains@6be5821ad487 2024-01-30 13:11:23)
SIM	1711890180	DESKTOP-AD6UL63	kevin	day7_final	0	28.899	315.974


SYSTEM_START	-	DESKTOP-AD6UL63	DESKTOP-AD6UL63	2024-03-31 22:09:47


SYSTEM_INFO	CarMaker 13.0.1 - Car_Generic #5	jetbrains@6be5821ad487 2024-01-30 13:19:45	(13.0.1 jetbrains@6be5821ad487 2024-01-30 13:11:23)
SIM	1711890587	DESKTOP-AD6UL63	kevin	day7_final	0	71.45	976.593


SYSTEM_START	-	DESKTOP-AD6UL63	DESKTOP-AD6UL63	2024-03-31 22:11:38


SYSTEM_INFO	CarMaker 13.0.1 - Car_Generic #5	jetbrains@6be5821ad487 2024-01-30 13:19:45	(13.0.1 jetbrains@6be5821ad487 2024-01-30 13:11:23)
SIM	1711890698	DESKTOP-AD6UL63	kevin	day7_final	0	53.05	723.647


SYSTEM_START	-	DESKTOP-AD6UL63	DESKTOP-AD6UL63	2024-03-31 22:14:32


SYSTEM_INFO	CarMaker 13.0.1 - Car_Generic #5	jetbrains@6be5821ad487 2024-01-30 13:19:45	(13.0.1 jetbrains@6be5821ad487 2024-01-30 13:11:23)
SIM	1711890873	DESKTOP-AD6UL63	kevin	day7_final	1	15.834	158.395


SYSTEM_START	-	DESKTOP-AD6UL63	DESKTOP-AD6UL63	2024-03-31 22:15:51


SYSTEM_INFO	CarMaker 13.0.1 - Car_Generic #5	jetbrains@6be5821ad487 2024-01-30 13:19:45	(13.0.1 jetbrains@6be5821ad487 2024-01-30 13:11:23)
SIM	1711890951	DESKTOP-AD6UL63	kevin	day7_final	0	23.599	273.689


SYSTEM_START	-	DESKTOP-AD6UL63	DESKTOP-AD6UL63	2024-03-31 22:23:54


SYSTEM_INFO	CarMaker 13.0.1 - Car_Generic #5	jetbrains@6be5821ad487 2024-01-30 13:19:45	(13.0.1 jetbrains@6be5821ad487 2024-01-30 13:11:23)
SIM	1711891434	DESKTOP-AD6UL63	kevin	day7_final	0	25.599	294.856


SYSTEM_START	-	DESKTOP-AD6UL63	DESKTOP-AD6UL63	2024-03-31 22:29:03


SYSTEM_INFO	CarMaker 13.0.1 - Car_Generic #5	jetbrains@6be5821ad487 2024-01-30 13:19:45	(13.0.1 jetbrains@6be5821ad487 2024-01-30 13:11:23)
SIM	1711891744	DESKTOP-AD6UL63	kevin	day7_final	0	86	1151.69


SYSTEM_START	-	DESKTOP-AD6UL63	DESKTOP-AD6UL63	2024-03-31 22:32:01


SYSTEM_INFO	CarMaker 13.0.1 - Car_Generic #5	jetbrains@6be5821ad487 2024-01-30 13:19:45	(13.0.1 jetbrains@6be5821ad487 2024-01-30 13:11:23)
SIM	1711891922	DESKTOP-AD6UL63	kevin	day7_final	0	32.777	344.368


SYSTEM_START	-	DESKTOP-AD6UL63	DESKTOP-AD6UL63	2024-03-31 22:33:03


SYSTEM_INFO	CarMaker 13.0.1 - Car_Generic #5	jetbrains@6be5821ad487 2024-01-30 13:19:45	(13.0.1 jetbrains@6be5821ad487 2024-01-30 13:11:23)
SIM	1711891983	DESKTOP-AD6UL63	kevin	day7_final	0	52	713.051


SYSTEM_START	-	DESKTOP-AD6UL63	DESKTOP-AD6UL63	2024-03-31 22:34:43


SYSTEM_INFO	CarMaker 13.0.1 - Car_Generic #5	jetbrains@6be5821ad487 2024-01-30 13:19:45	(13.0.1 jetbrains@6be5821ad487 2024-01-30 13:11:23)
SIM	1711892083	DESKTOP-AD6UL63	kevin	day7_final	0	24.4	255.977


SYSTEM_START	-	DESKTOP-AD6UL63	DESKTOP-AD6UL63	2024-03-31 22:43:10


SYSTEM_INFO	CarMaker 13.0.1 - Car_Generic #5	jetbrains@6be5821ad487 2024-01-30 13:19:45	(13.0.1 jetbrains@6be5821ad487 2024-01-30 13:11:23)
SIM	1711892590	DESKTOP-AD6UL63	kevin	day7_final	0	185.5	2722.92


SYSTEM_START	-	DESKTOP-AD6UL63	DESKTOP-AD6UL63	2024-03-31 22:52:33


SYSTEM_INFO	CarMaker 13.0.1 - Car_Generic #5	jetbrains@6be5821ad487 2024-01-30 13:19:45	(13.0.1 jetbrains@6be5821ad487 2024-01-30 13:11:23)
SIM	1711893154	DESKTOP-AD6UL63	kevin	day7_final	0	91.95	1212.67


SYSTEM_START	-	DESKTOP-AD6UL63	DESKTOP-AD6UL63	2024-03-31 22:57:13


SYSTEM_INFO	CarMaker 13.0.1 - Car_Generic #5	jetbrains@6be5821ad487 2024-01-30 13:19:45	(13.0.1 jetbrains@6be5821ad487 2024-01-30 13:11:23)
SIM	1711893433	DESKTOP-AD6UL63	kevin	day7_final	0	105.1	1209.67


SYSTEM_START	-	DESKTOP-AD6UL63	DESKTOP-AD6UL63	2024-03-31 23:02:11


SYSTEM_INFO	CarMaker 13.0.1 - Car_Generic #5	jetbrains@6be5821ad487 2024-01-30 13:19:45	(13.0.1 jetbrains@6be5821ad487 2024-01-30 13:11:23)
SIM	1711893731	DESKTOP-AD6UL63	kevin	day7_final	0	108.1	924.28


SYSTEM_START	-	DESKTOP-AD6UL63	DESKTOP-AD6UL63	2024-03-31 23:04:17


SYSTEM_INFO	CarMaker 13.0.1 - Car_Generic #5	jetbrains@6be5821ad487 2024-01-30 13:19:45	(13.0.1 jetbrains@6be5821ad487 2024-01-30 13:11:23)
SIM	1711893857	DESKTOP-AD6UL63	kevin	day7_final	0	27.35	220.726


SYSTEM_START	-	DESKTOP-AD6UL63	DESKTOP-AD6UL63	2024-03-31 23:05:26


SYSTEM_INFO	CarMaker 13.0.1 - Car_Generic #5	jetbrains@6be5821ad487 2024-01-30 13:19:45	(13.0.1 jetbrains@6be5821ad487 2024-01-30 13:11:23)
SIM	1711893926	DESKTOP-AD6UL63	kevin	day7_final	0	88.2	1141.28


SYSTEM_START	-	DESKTOP-AD6UL63	DESKTOP-AD6UL63	2024-03-31 23:09:13


SYSTEM_INFO	CarMaker 13.0.1 - Car_Generic #5	jetbrains@6be5821ad487 2024-01-30 13:19:45	(13.0.1 jetbrains@6be5821ad487 2024-01-30 13:11:23)
SIM	1711894154	DESKTOP-AD6UL63	kevin	day7_final	0	76.531	1018.62


SYSTEM_START	-	DESKTOP-AD6UL63	DESKTOP-AD6UL63	2024-03-31 23:12:19


SYSTEM_INFO	CarMaker 13.0.1 - Car_Generic #5	jetbrains@6be5821ad487 2024-01-30 13:19:45	(13.0.1 jetbrains@6be5821ad487 2024-01-30 13:11:23)
SIM	1711894339	DESKTOP-AD6UL63	kevin	day7_final	0	2.311	8.38934


SYSTEM_START	-	DESKTOP-AD6UL63	DESKTOP-AD6UL63	2024-03-31 23:15:03


SYSTEM_INFO	CarMaker 13.0.1 - Car_Generic #5	jetbrains@6be5821ad487 2024-01-30 13:19:45	(13.0.1 jetbrains@6be5821ad487 2024-01-30 13:11:23)
SIM	1711894503	DESKTOP-AD6UL63	kevin	day7_final	0	19.951	193.709


SYSTEM_START	-	DESKTOP-AD6UL63	DESKTOP-AD6UL63	2024-03-31 23:17:18


SYSTEM_INFO	CarMaker 13.0.1 - Car_Generic #5	jetbrains@6be5821ad487 2024-01-30 13:19:45	(13.0.1 jetbrains@6be5821ad487 2024-01-30 13:11:23)
SIM	1711894639	DESKTOP-AD6UL63	kevin	day7_final	0	79.851	981.93


SYSTEM_START	-	DESKTOP-AD6UL63	DESKTOP-AD6UL63	2024-03-31 23:25:09


SYSTEM_INFO	CarMaker 13.0.1 - Car_Generic #5	jetbrains@6be5821ad487 2024-01-30 13:19:45	(13.0.1 jetbrains@6be5821ad487 2024-01-30 13:11:23)
SIM	1711895110	DESKTOP-AD6UL63	kevin	day7_final	0	41.8	427.965


SYSTEM_START	-	DESKTOP-AD6UL63	DESKTOP-AD6UL63	2024-03-31 23:31:02


SYSTEM_INFO	CarMaker 13.0.1 - Car_Generic #5	jetbrains@6be5821ad487 2024-01-30 13:19:45	(13.0.1 jetbrains@6be5821ad487 2024-01-30 13:11:23)
SIM	1711895462	DESKTOP-AD6UL63	kevin	day7_final	1	13.222	90.3169


SYSTEM_START	-	DESKTOP-AD6UL63	DESKTOP-AD6UL63	2024-03-31 23:34:15


SYSTEM_INFO	CarMaker 13.0.1 - Car_Generic #5	jetbrains@6be5821ad487 2024-01-30 13:19:45	(13.0.1 jetbrains@6be5821ad487 2024-01-30 13:11:23)
SIM	1711895655	DESKTOP-AD6UL63	kevin	day7_final	1	19.37	136.807


SYSTEM_START	-	DESKTOP-AD6UL63	DESKTOP-AD6UL63	2024-03-31 23:34:53


SYSTEM_INFO	CarMaker 13.0.1 - Car_Generic #5	jetbrains@6be5821ad487 2024-01-30 13:19:45	(13.0.1 jetbrains@6be5821ad487 2024-01-30 13:11:23)
SIM	1711895693	DESKTOP-AD6UL63	kevin	day7_final	1	14.071	80.9147


SYSTEM_START	-	DESKTOP-AD6UL63	DESKTOP-AD6UL63	2024-03-31 23:36:03


SYSTEM_INFO	CarMaker 13.0.1 - Car_Generic #5	jetbrains@6be5821ad487 2024-01-30 13:19:45	(13.0.1 jetbrains@6be5821ad487 2024-01-30 13:11:23)
SIM	1711895763	DESKTOP-AD6UL63	kevin	day7_final	1	9.417	68.2721


SYSTEM_START	-	DESKTOP-AD6UL63	DESKTOP-AD6UL63	2024-03-31 23:37:12


SYSTEM_INFO	CarMaker 13.0.1 - Car_Generic #5	jetbrains@6be5821ad487 2024-01-30 13:19:45	(13.0.1 jetbrains@6be5821ad487 2024-01-30 13:11:23)
SIM	1711895832	DESKTOP-AD6UL63	kevin	day7_final	1	23.156	111.681


SYSTEM_START	-	DESKTOP-AD6UL63	DESKTOP-AD6UL63	2024-03-31 23:43:54


SYSTEM_INFO	CarMaker 13.0.1 - Car_Generic #5	jetbrains@6be5821ad487 2024-01-30 13:19:45	(13.0.1 jetbrains@6be5821ad487 2024-01-30 13:11:23)
SIM	1711896234	DESKTOP-AD6UL63	kevin	day7_final	0	12.8	60.1811


SYSTEM_START	-	DESKTOP-AD6UL63	DESKTOP-AD6UL63	2024-03-31 23:44:23


SYSTEM_INFO	CarMaker 13.0.1 - Car_Generic #5	jetbrains@6be5821ad487 2024-01-30 13:19:45	(13.0.1 jetbrains@6be5821ad487 2024-01-30 13:11:23)
SIM	1711896263	DESKTOP-AD6UL63	kevin	day7_final	1	51.834	174.98


SYSTEM_START	-	DESKTOP-AD6UL63	DESKTOP-AD6UL63	2024-04-01 01:37:52


SYSTEM_INFO	CarMaker 13.0.1 - Car_Generic #5	jetbrains@6be5821ad487 2024-01-30 13:19:45	(13.0.1 jetbrains@6be5821ad487 2024-01-30 13:11:23)
SIM	1711903073	DESKTOP-AD6UL63	kevin	day7_final	0	0	0


SYSTEM_START	-	DESKTOP-AD6UL63	DESKTOP-AD6UL63	2024-04-01 01:40:15


SYSTEM_INFO	CarMaker 13.0.1 - Car_Generic #5	jetbrains@6be5821ad487 2024-01-30 13:19:45	(13.0.1 jetbrains@6be5821ad487 2024-01-30 13:11:23)
SIM	1711903215	DESKTOP-AD6UL63	kevin	day7_final	0	0	0


SYSTEM_START	-	DESKTOP-AD6UL63	DESKTOP-AD6UL63	2024-04-01 01:42:38


SYSTEM_INFO	CarMaker 13.0.1 - Car_Generic #5	jetbrains@6be5821ad487 2024-01-30 13:19:45	(13.0.1 jetbrains@6be5821ad487 2024-01-30 13:11:23)
SIM	1711903358	DESKTOP-AD6UL63	kevin	day7_final	0	0	0


SYSTEM_START	-	DESKTOP-AD6UL63	DESKTOP-AD6UL63	2024-04-01 01:44:12


SYSTEM_INFO	CarMaker 13.0.1 - Car_Generic #5	jetbrains@6be5821ad487 2024-01-30 13:19:45	(13.0.1 jetbrains@6be5821ad487 2024-01-30 13:11:23)
SIM	1711903453	DESKTOP-AD6UL63	kevin	day7_final	0	0	0


SYSTEM_START	-	DESKTOP-AD6UL63	DESKTOP-AD6UL63	2024-04-01 01:45:16


SYSTEM_INFO	CarMaker 13.0.1 - Car_Generic #5	jetbrains@6be5821ad487 2024-01-30 13:19:45	(13.0.1 jetbrains@6be5821ad487 2024-01-30 13:11:23)
SIM	1711903516	DESKTOP-AD6UL63	kevin	day7_final	0	0	0


SYSTEM_START	-	DESKTOP-AD6UL63	DESKTOP-AD6UL63	2024-04-01 01:45:48


SYSTEM_INFO	CarMaker 13.0.1 - Car_Generic #5	jetbrains@6be5821ad487 2024-01-30 13:19:45	(13.0.1 jetbrains@6be5821ad487 2024-01-30 13:11:23)
SIM	1711903548	DESKTOP-AD6UL63	kevin	day7_final	0	0	0


SYSTEM_START	-	DESKTOP-AD6UL63	DESKTOP-AD6UL63	2024-04-01 01:46:45


SYSTEM_INFO	CarMaker 13.0.1 - Car_Generic #5	jetbrains@6be5821ad487 2024-01-30 13:19:45	(13.0.1 jetbrains@6be5821ad487 2024-01-30 13:11:23)
SIM	1711903605	DESKTOP-AD6UL63	kevin	day7_final	0	0	0


SYSTEM_START	-	DESKTOP-AD6UL63	DESKTOP-AD6UL63	2024-04-01 01:47:55


SYSTEM_INFO	CarMaker 13.0.1 - Car_Generic #5	jetbrains@6be5821ad487 2024-01-30 13:19:45	(13.0.1 jetbrains@6be5821ad487 2024-01-30 13:11:23)
SIM	1711903675	DESKTOP-AD6UL63	kevin	day7_final	1	9.118	42.2336


SYSTEM_START	-	DESKTOP-AD6UL63	DESKTOP-AD6UL63	2024-04-01 01:48:50


SYSTEM_INFO	CarMaker 13.0.1 - Car_Generic #5	jetbrains@6be5821ad487 2024-01-30 13:19:45	(13.0.1 jetbrains@6be5821ad487 2024-01-30 13:11:23)
SIM	1711903730	DESKTOP-AD6UL63	kevin	day7_final	1	9.118	42.2336


SYSTEM_START	-	DESKTOP-AD6UL63	DESKTOP-AD6UL63	2024-04-01 01:49:54


SYSTEM_INFO	CarMaker 13.0.1 - Car_Generic #5	jetbrains@6be5821ad487 2024-01-30 13:19:45	(13.0.1 jetbrains@6be5821ad487 2024-01-30 13:11:23)
SIM	1711903794	DESKTOP-AD6UL63	kevin	day7_final	1	9.118	42.2336


SYSTEM_START	-	DESKTOP-AD6UL63	DESKTOP-AD6UL63	2024-04-01 01:53:57


SYSTEM_INFO	CarMaker 13.0.1 - Car_Generic #5	jetbrains@6be5821ad487 2024-01-30 13:19:45	(13.0.1 jetbrains@6be5821ad487 2024-01-30 13:11:23)
SIM	1711904037	DESKTOP-AD6UL63	kevin	day7_final	0	0.6	0.681241


SYSTEM_START	-	DESKTOP-AD6UL63	DESKTOP-AD6UL63	2024-04-01 01:55:40


SYSTEM_INFO	CarMaker 13.0.1 - Car_Generic #5	jetbrains@6be5821ad487 2024-01-30 13:19:45	(13.0.1 jetbrains@6be5821ad487 2024-01-30 13:11:23)
SIM	1711904141	DESKTOP-AD6UL63	kevin	day7_final	1	20.584	87.8399


SYSTEM_START	-	DESKTOP-AD6UL63	DESKTOP-AD6UL63	2024-04-01 01:57:21


SYSTEM_INFO	CarMaker 13.0.1 - Car_Generic #5	jetbrains@6be5821ad487 2024-01-30 13:19:45	(13.0.1 jetbrains@6be5821ad487 2024-01-30 13:11:23)
SIM	1711904241	DESKTOP-AD6UL63	kevin	day7_final	0	11.526	54.2778


SYSTEM_START	-	DESKTOP-AD6UL63	DESKTOP-AD6UL63	2024-04-01 01:58:00


SYSTEM_INFO	CarMaker 13.0.1 - Car_Generic #5	jetbrains@6be5821ad487 2024-01-30 13:19:45	(13.0.1 jetbrains@6be5821ad487 2024-01-30 13:11:23)
SIM	1711904280	DESKTOP-AD6UL63	kevin	day7_final	0	40	305.978


SYSTEM_START	-	DESKTOP-AD6UL63	DESKTOP-AD6UL63	2024-04-01 02:00:55


SYSTEM_INFO	CarMaker 13.0.1 - Car_Generic #5	jetbrains@6be5821ad487 2024-01-30 13:19:45	(13.0.1 jetbrains@6be5821ad487 2024-01-30 13:11:23)
SIM	1711904455	DESKTOP-AD6UL63	kevin	day7_final	0	92.967	982.972


SYSTEM_START	-	DESKTOP-AD6UL63	DESKTOP-AD6UL63	2024-04-01 02:05:22


SYSTEM_INFO	CarMaker 13.0.1 - Car_Generic #5	jetbrains@6be5821ad487 2024-01-30 13:19:45	(13.0.1 jetbrains@6be5821ad487 2024-01-30 13:11:23)
SIM	1711904723	DESKTOP-AD6UL63	kevin	day7_final	0	146.5	1795.28


SYSTEM_START	-	DESKTOP-AD6UL63	DESKTOP-AD6UL63	2024-04-01 02:10:38


SYSTEM_INFO	CarMaker 13.0.1 - Car_Generic #5	jetbrains@6be5821ad487 2024-01-30 13:19:45	(13.0.1 jetbrains@6be5821ad487 2024-01-30 13:11:23)
SIM	1711905038	DESKTOP-AD6UL63	kevin	day7_final	0	85.361	947.019


SYSTEM_START	-	DESKTOP-AD6UL63	DESKTOP-AD6UL63	2024-04-01 02:13:26


SYSTEM_INFO	CarMaker 13.0.1 - Car_Generic #5	jetbrains@6be5821ad487 2024-01-30 13:19:45	(13.0.1 jetbrains@6be5821ad487 2024-01-30 13:11:23)
SIM	1711905207	DESKTOP-AD6UL63	kevin	day7_final	0	28.35	175.009


SYSTEM_START	-	DESKTOP-AD6UL63	DESKTOP-AD6UL63	2024-04-01 02:15:09


SYSTEM_INFO	CarMaker 13.0.1 - Car_Generic #5	jetbrains@6be5821ad487 2024-01-30 13:19:45	(13.0.1 jetbrains@6be5821ad487 2024-01-30 13:11:23)
SIM	1711905309	DESKTOP-AD6UL63	kevin	day7_final	0	74.8	978.058


SYSTEM_START	-	DESKTOP-AD6UL63	DESKTOP-AD6UL63	2024-04-01 02:28:57


SYSTEM_INFO	CarMaker 13.0.1 - Car_Generic #5	jetbrains@6be5821ad487 2024-01-30 13:19:45	(13.0.1 jetbrains@6be5821ad487 2024-01-30 13:11:23)
SIM	1711906138	DESKTOP-AD6UL63	kevin	day7_final	0	32.25	223.15


SYSTEM_START	-	DESKTOP-AD6UL63	DESKTOP-AD6UL63	2024-04-01 02:31:23


SYSTEM_INFO	CarMaker 13.0.1 - Car_Generic #5	jetbrains@6be5821ad487 2024-01-30 13:19:45	(13.0.1 jetbrains@6be5821ad487 2024-01-30 13:11:23)
SIM	1711906283	DESKTOP-AD6UL63	kevin	day7_final	0	52.488	529.9


SYSTEM_START	-	DESKTOP-AD6UL63	DESKTOP-AD6UL63	2024-04-01 02:34:53


SYSTEM_INFO	CarMaker 13.0.1 - Car_Generic #5	jetbrains@6be5821ad487 2024-01-30 13:19:45	(13.0.1 jetbrains@6be5821ad487 2024-01-30 13:11:23)
SIM	1711906494	DESKTOP-AD6UL63	kevin	day7_final	0	94.85	1065.25


SYSTEM_START	-	DESKTOP-AD6UL63	DESKTOP-AD6UL63	2024-04-01 02:41:25


SYSTEM_INFO	CarMaker 13.0.1 - Car_Generic #5	jetbrains@6be5821ad487 2024-01-30 13:19:45	(13.0.1 jetbrains@6be5821ad487 2024-01-30 13:11:23)
SIM	1711906885	DESKTOP-AD6UL63	kevin	day7_final	0	48.05	445.431


SYSTEM_START	-	DESKTOP-AD6UL63	DESKTOP-AD6UL63	2024-04-01 02:46:28


SYSTEM_INFO	CarMaker 13.0.1 - Car_Generic #5	jetbrains@6be5821ad487 2024-01-30 13:19:45	(13.0.1 jetbrains@6be5821ad487 2024-01-30 13:11:23)
SIM	1711907188	DESKTOP-AD6UL63	kevin	day7_final	1	28.837	294.456
